TN:
SF:src\assets\icons\CardIcon.jsx
FN:3,CardIcon
FNF:1
FNH:1
FNDA:5,CardIcon
DA:3,3
DA:4,5
DA:14,3
LF:3
LH:3
BRF:0
BRH:0
end_of_record
TN:
SF:src\assets\icons\ChevronLeftIcon.jsx
FN:3,ChevronLeftIcon
FNF:1
FNH:1
FNDA:5,ChevronLeftIcon
DA:3,3
DA:4,5
DA:10,3
LF:3
LH:3
BRF:0
BRH:0
end_of_record
TN:
SF:src\assets\icons\ChevronRightIcon.jsx
FN:3,ChevronRightIcon
FNF:1
FNH:1
FNDA:5,ChevronRightIcon
DA:3,3
DA:4,5
DA:11,3
LF:3
LH:3
BRF:0
BRH:0
end_of_record
TN:
SF:src\assets\icons\FinancialnstituionIcon.jsx
FN:3,FinancialInstituionIcon
FNF:1
FNH:1
FNDA:5,FinancialInstituionIcon
DA:3,3
DA:4,5
DA:14,3
LF:3
LH:3
BRF:0
BRH:0
end_of_record
TN:
SF:src\assets\icons\InformationSignIcon.jsx
FN:3,HomeIcon
FNF:1
FNH:1
FNDA:5,HomeIcon
DA:3,3
DA:4,5
DA:19,3
LF:3
LH:3
BRF:0
BRH:0
end_of_record
TN:
SF:src\assets\icons\PaymentIcon.jsx
FN:4,MenuIcon
FNF:1
FNH:1
FNDA:5,MenuIcon
DA:4,3
DA:5,5
DA:13,3
LF:3
LH:3
BRF:0
BRH:0
end_of_record
TN:
SF:src\components\AuthProvider\AuthProvider.jsx
FN:5,AuthProvider
FN:6,(anonymous_1)
FN:10,(anonymous_2)
FN:12,run
FN:20,(anonymous_4)
FN:23,(anonymous_5)
FN:45,(anonymous_6)
FN:52,(anonymous_7)
FN:62,(anonymous_8)
FN:68,(anonymous_9)
FNF:10
FNH:0
FNDA:0,AuthProvider
FNDA:0,(anonymous_1)
FNDA:0,(anonymous_2)
FNDA:0,run
FNDA:0,(anonymous_4)
FNDA:0,(anonymous_5)
FNDA:0,(anonymous_6)
FNDA:0,(anonymous_7)
FNDA:0,(anonymous_8)
FNDA:0,(anonymous_9)
DA:3,3
DA:5,3
DA:6,0
DA:7,0
DA:8,0
DA:10,0
DA:11,0
DA:13,0
DA:14,0
DA:16,0
DA:19,0
DA:20,0
DA:23,0
DA:24,0
DA:25,0
DA:28,0
DA:29,0
DA:30,0
DA:32,0
DA:33,0
DA:34,0
DA:37,0
DA:38,0
DA:39,0
DA:41,0
DA:45,0
DA:46,0
DA:51,0
DA:52,0
DA:53,0
DA:55,0
DA:56,0
DA:57,0
DA:58,0
DA:59,0
DA:62,0
DA:63,0
DA:64,0
DA:65,0
DA:68,0
DA:69,0
DA:70,0
DA:71,0
DA:74,0
DA:79,3
LF:45
LH:3
BRDA:13,0,0,0
BRDA:13,0,1,0
BRDA:16,1,0,0
BRDA:28,2,0,0
BRDA:28,2,1,0
BRDA:51,3,0,0
BRDA:53,4,0,0
BRDA:53,4,1,0
BRDA:68,5,0,0
BRDA:69,6,0,0
BRDA:69,6,1,0
BRDA:70,7,0,0
BRF:12
BRH:0
end_of_record
TN:
SF:src\hooks\useAuth\useAuth.js
FN:3,(anonymous_0)
FNF:1
FNH:1
FNDA:10,(anonymous_0)
DA:3,3
DA:4,10
DA:5,10
DA:6,10
LF:4
LH:4
BRDA:5,0,0,0
BRF:1
BRH:0
end_of_record
TN:
SF:src\hooks\usePageTitle\usePageTitle.js
FN:4,usePageTitle
FN:8,(anonymous_1)
FN:10,(anonymous_2)
FNF:3
FNH:3
FNDA:10,usePageTitle
FNDA:5,(anonymous_1)
FNDA:2,(anonymous_2)
DA:5,10
DA:6,10
DA:8,10
DA:9,5
DA:10,5
LF:5
LH:5
BRDA:4,0,0,0
BRDA:9,1,0,0
BRDA:9,1,1,0
BRF:3
BRH:0
end_of_record
TN:
SF:src\pages\Home\Home.jsx
FN:14,Home
FN:24,loadDashboard
FN:39,(anonymous_2)
FN:101,(anonymous_3)
FN:14,(anonymous_4)
FNF:5
FNH:4
FNDA:10,Home
FNDA:5,loadDashboard
FNDA:5,(anonymous_2)
FNDA:0,(anonymous_3)
FNDA:3,(anonymous_4)
DA:14,10
DA:15,10
DA:16,10
DA:18,10
DA:19,10
DA:21,10
DA:22,10
DA:25,5
DA:26,5
DA:27,5
DA:28,5
DA:29,5
DA:30,5
DA:32,0
DA:33,0
DA:35,5
DA:39,10
DA:40,5
DA:43,10
DA:44,5
DA:47,5
DA:48,5
DA:49,5
DA:50,5
DA:52,5
DA:101,0
DA:120,3
LF:27
LH:24
BRDA:24,0,0,0
BRDA:28,1,0,0
BRDA:43,2,0,5
BRDA:47,3,0,5
BRDA:47,3,1,0
BRDA:48,4,0,5
BRDA:48,4,1,0
BRDA:49,5,0,5
BRDA:49,5,1,0
BRDA:50,6,0,5
BRDA:50,6,1,0
BRDA:50,7,0,5
BRDA:50,7,1,0
BRDA:61,8,0,5
BRDA:61,8,1,0
BRDA:70,9,0,5
BRDA:70,9,1,0
BRDA:105,10,0,5
BRDA:105,10,1,0
BRDA:111,11,0,5
BRDA:111,11,1,0
BRDA:112,12,0,5
BRDA:112,12,1,0
BRDA:112,13,0,5
BRDA:112,13,1,0
BRDA:112,14,0,5
BRDA:112,14,1,0
BRDA:113,15,0,5
BRDA:113,15,1,0
BRF:29
BRH:14
end_of_record
TN:
SF:src\pages\Home\components\BalanceChart\BalanceChart.jsx
FN:8,BalanceChart
FN:9,(anonymous_1)
FN:45,(anonymous_2)
FNF:3
FNH:2
FNDA:5,BalanceChart
FNDA:10,(anonymous_1)
FNDA:0,(anonymous_2)
DA:9,10
DA:14,5
DA:15,5
DA:16,5
DA:18,5
DA:45,0
DA:53,3
DA:55,3
DA:62,3
LF:9
LH:8
BRDA:8,0,0,0
BRDA:9,1,0,5
BRDA:9,1,1,0
BRDA:9,2,0,5
BRDA:9,2,1,5
BRDA:15,3,0,5
BRDA:15,3,1,0
BRDA:16,4,0,5
BRDA:16,4,1,0
BRF:9
BRH:5
end_of_record
TN:
SF:src\pages\Home\components\Card\Card.jsx
FN:5,Card
FNF:1
FNH:1
FNDA:20,Card
DA:6,20
DA:7,20
DA:9,20
DA:29,3
DA:31,3
DA:40,3
DA:43,3
LF:7
LH:7
BRDA:12,0,0,20
BRDA:12,0,1,20
BRF:2
BRH:2
end_of_record
TN:
SF:src\pages\Home\components\Legend\Legend.jsx
FN:5,Legend
FN:8,(anonymous_1)
FNF:2
FNH:2
FNDA:5,Legend
FNDA:10,(anonymous_1)
DA:6,5
DA:9,10
DA:19,3
DA:22,3
DA:28,3
DA:30,3
LF:6
LH:6
BRF:0
BRH:0
end_of_record
TN:
SF:src\pages\Home\components\MonthNav\MonthNav.jsx
FN:7,monthLabel
FN:15,MonthNav
FN:18,(anonymous_2)
FN:22,(anonymous_3)
FN:28,(anonymous_4)
FNF:5
FNH:2
FNDA:5,monthLabel
FNDA:5,MonthNav
FNDA:0,(anonymous_2)
FNDA:0,(anonymous_3)
FNDA:0,(anonymous_4)
DA:8,5
DA:12,5
DA:16,5
DA:18,5
DA:19,0
DA:22,5
DA:23,0
DA:24,0
DA:25,0
DA:28,5
DA:29,0
DA:30,0
DA:31,0
DA:34,5
DA:47,3
DA:49,3
DA:55,3
DA:57,3
LF:18
LH:11
BRDA:19,0,0,0
BRDA:19,0,1,0
BRF:2
BRH:0
end_of_record
TN:
SF:src\pages\Home\components\SpendingPieChart\SpendingPieChart.jsx
FN:10,SpendingPieChart
FN:12,(anonymous_1)
FN:31,(anonymous_2)
FNF:3
FNH:3
FNDA:5,SpendingPieChart
FNDA:10,(anonymous_1)
FNDA:10,(anonymous_2)
DA:6,3
DA:11,5
DA:12,5
DA:13,10
DA:14,10
DA:17,5
DA:32,10
DA:41,3
DA:43,3
DA:49,3
LF:10
LH:10
BRDA:10,0,0,0
BRDA:11,1,0,5
BRDA:11,1,1,0
BRDA:11,2,0,5
BRDA:11,2,1,5
BRDA:13,3,0,10
BRDA:13,3,1,0
BRF:7
BRH:4
end_of_record
