{
  "C:/Projects/SmartSaver/Frontend/src/pages/Home/components/Card/Card.jsx": {
    "path": "C:/Projects/SmartSaver/Frontend/src/pages/Home/components/Card/Card.jsx",
    "statementMap": {
      "0": {
        "start": {
          "line": 6,
          "column": 24
        },
        "end": {
          "line": 6,
          "column": 59
        }
      },
      "1": {
        "start": {
          "line": 7,
          "column": 26
        },
        "end": {
          "line": 7,
          "column": 71
        }
      },
      "2": {
        "start": {
          "line": 8,
          "column": 2
        },
        "end": {
          "line": 51,
          "column": 11
        }
      },
      "3": {
        "start": {
          "line": 53,
          "column": 0
        },
        "end": {
          "line": 53,
          "column": 10
        }
      },
      "4": {
        "start": {
          "line": 54,
          "column": 0
        },
        "end": {
          "line": 61,
          "column": 2
        }
      },
      "5": {
        "start": {
          "line": 62,
          "column": 0
        },
        "end": {
          "line": 65,
          "column": 2
        }
      },
      "6": {
        "start": {
          "line": 67,
          "column": 0
        },
        "end": {
          "line": 67,
          "column": 25
        }
      },
      "7": {
        "start": {
          "line": 69,
          "column": 20
        },
        "end": {
          "line": 69,
          "column": 97
        }
      },
      "8": {
        "start": {
          "line": 70,
          "column": 0
        },
        "end": {
          "line": 84,
          "column": 1
        }
      },
      "9": {
        "start": {
          "line": 71,
          "column": 2
        },
        "end": {
          "line": 75,
          "column": 3
        }
      },
      "10": {
        "start": {
          "line": 72,
          "column": 4
        },
        "end": {
          "line": 74,
          "column": 6
        }
      },
      "11": {
        "start": {
          "line": 76,
          "column": 2
        },
        "end": {
          "line": 83,
          "column": 5
        }
      },
      "12": {
        "start": {
          "line": 77,
          "column": 4
        },
        "end": {
          "line": 77,
          "column": 141
        }
      },
      "13": {
        "start": {
          "line": 78,
          "column": 4
        },
        "end": {
          "line": 82,
          "column": 7
        }
      },
      "14": {
        "start": {
          "line": 79,
          "column": 6
        },
        "end": {
          "line": 79,
          "column": 31
        }
      },
      "15": {
        "start": {
          "line": 79,
          "column": 24
        },
        "end": {
          "line": 79,
          "column": 31
        }
      },
      "16": {
        "start": {
          "line": 80,
          "column": 32
        },
        "end": {
          "line": 80,
          "column": 190
        }
      },
      "17": {
        "start": {
          "line": 81,
          "column": 6
        },
        "end": {
          "line": 81,
          "column": 75
        }
      },
      "18": {
        "start": {
          "line": 81,
          "column": 29
        },
        "end": {
          "line": 81,
          "column": 75
        }
      },
      "19": {
        "start": {
          "line": 86,
          "column": 2
        },
        "end": {
          "line": 86,
          "column": 120
        }
      },
      "20": {
        "start": {
          "line": 89,
          "column": 2
        },
        "end": {
          "line": 89,
          "column": 62
        }
      }
    },
    "fnMap": {
      "0": {
        "name": "Card",
        "decl": {
          "start": {
            "line": 5,
            "column": 24
          },
          "end": {
            "line": 5,
            "column": 28
          }
        },
        "loc": {
          "start": {
            "line": 5,
            "column": 87
          },
          "end": {
            "line": 52,
            "column": 1
          }
        },
        "line": 5
      },
      "1": {
        "name": "(anonymous_1)",
        "decl": {
          "start": {
            "line": 76,
            "column": 52
          },
          "end": {
            "line": 76,
            "column": 53
          }
        },
        "loc": {
          "start": {
            "line": 76,
            "column": 72
          },
          "end": {
            "line": 83,
            "column": 3
          }
        },
        "line": 76
      },
      "2": {
        "name": "(anonymous_2)",
        "decl": {
          "start": {
            "line": 78,
            "column": 27
          },
          "end": {
            "line": 78,
            "column": 28
          }
        },
        "loc": {
          "start": {
            "line": 78,
            "column": 44
          },
          "end": {
            "line": 82,
            "column": 5
          }
        },
        "line": 78
      },
      "3": {
        "name": "$RefreshReg$",
        "decl": {
          "start": {
            "line": 85,
            "column": 9
          },
          "end": {
            "line": 85,
            "column": 21
          }
        },
        "loc": {
          "start": {
            "line": 85,
            "column": 32
          },
          "end": {
            "line": 87,
            "column": 1
          }
        },
        "line": 85
      },
      "4": {
        "name": "$RefreshSig$",
        "decl": {
          "start": {
            "line": 88,
            "column": 9
          },
          "end": {
            "line": 88,
            "column": 21
          }
        },
        "loc": {
          "start": {
            "line": 88,
            "column": 24
          },
          "end": {
            "line": 90,
            "column": 1
          }
        },
        "line": 88
      }
    },
    "branchMap": {
      "0": {
        "loc": {
          "start": {
            "line": 10,
            "column": 6
          },
          "end": {
            "line": 18,
            "column": 14
          }
        },
        "type": "binary-expr",
        "locations": [
          {
            "start": {
              "line": 10,
              "column": 6
            },
            "end": {
              "line": 10,
              "column": 10
            }
          },
          {
            "start": {
              "line": 10,
              "column": 30
            },
            "end": {
              "line": 18,
              "column": 14
            }
          }
        ],
        "line": 10
      },
      "1": {
        "loc": {
          "start": {
            "line": 69,
            "column": 20
          },
          "end": {
            "line": 69,
            "column": 97
          }
        },
        "type": "binary-expr",
        "locations": [
          {
            "start": {
              "line": 69,
              "column": 20
            },
            "end": {
              "line": 69,
              "column": 60
            }
          },
          {
            "start": {
              "line": 69,
              "column": 64
            },
            "end": {
              "line": 69,
              "column": 97
            }
          }
        ],
        "line": 69
      },
      "2": {
        "loc": {
          "start": {
            "line": 70,
            "column": 0
          },
          "end": {
            "line": 84,
            "column": 1
          }
        },
        "type": "if",
        "locations": [
          {
            "start": {
              "line": 70,
              "column": 0
            },
            "end": {
              "line": 84,
              "column": 1
            }
          },
          {
            "start": {},
            "end": {}
          }
        ],
        "line": 70
      },
      "3": {
        "loc": {
          "start": {
            "line": 70,
            "column": 4
          },
          "end": {
            "line": 70,
            "column": 35
          }
        },
        "type": "binary-expr",
        "locations": [
          {
            "start": {
              "line": 70,
              "column": 4
            },
            "end": {
              "line": 70,
              "column": 19
            }
          },
          {
            "start": {
              "line": 70,
              "column": 23
            },
            "end": {
              "line": 70,
              "column": 35
            }
          }
        ],
        "line": 70
      },
      "4": {
        "loc": {
          "start": {
            "line": 71,
            "column": 2
          },
          "end": {
            "line": 75,
            "column": 3
          }
        },
        "type": "if",
        "locations": [
          {
            "start": {
              "line": 71,
              "column": 2
            },
            "end": {
              "line": 75,
              "column": 3
            }
          },
          {
            "start": {},
            "end": {}
          }
        ],
        "line": 71
      },
      "5": {
        "loc": {
          "start": {
            "line": 79,
            "column": 6
          },
          "end": {
            "line": 79,
            "column": 31
          }
        },
        "type": "if",
        "locations": [
          {
            "start": {
              "line": 79,
              "column": 6
            },
            "end": {
              "line": 79,
              "column": 31
            }
          },
          {
            "start": {},
            "end": {}
          }
        ],
        "line": 79
      },
      "6": {
        "loc": {
          "start": {
            "line": 81,
            "column": 6
          },
          "end": {
            "line": 81,
            "column": 75
          }
        },
        "type": "if",
        "locations": [
          {
            "start": {
              "line": 81,
              "column": 6
            },
            "end": {
              "line": 81,
              "column": 75
            }
          },
          {
            "start": {},
            "end": {}
          }
        ],
        "line": 81
      }
    },
    "s": {
      "0": 20,
      "1": 20,
      "2": 20,
      "3": 3,
      "4": 3,
      "5": 3,
      "6": 3,
      "7": 3,
      "8": 3,
      "9": 3,
      "10": 0,
      "11": 3,
      "12": 3,
      "13": 3,
      "14": 0,
      "15": 0,
      "16": 0,
      "17": 0,
      "18": 0,
      "19": 3,
      "20": 0
    },
    "f": {
      "0": 20,
      "1": 3,
      "2": 0,
      "3": 3,
      "4": 0
    },
    "b": {
      "0": [
        20,
        20
      ],
      "1": [
        3,
        0
      ],
      "2": [
        3,
        0
      ],
      "3": [
        3,
        3
      ],
      "4": [
        0,
        3
      ],
      "5": [
        0,
        0
      ],
      "6": [
        0,
        0
      ]
    },
    "inputSourceMap": {
      "version": 3,
      "mappings": "AAaY;AAbZ,OAAOA,WAAW;AAClB,OAAOC,eAAe;AACtB,OAAOC,YAAY;AAEnB,wBAAwBC,KAAK,EAAEC,OAAOC,OAAOC,YAAYC,MAAMC,SAASC,YAAY,GAAG;AACrF,QAAMC,gBAAgB,GAAGR,OAAOS,IAAI,IAAIT,OAAOM,OAAO,CAAC;AACvD,QAAMI,kBAAkB,GAAGV,OAAOI,UAAU,IAAIJ,OAAOO,WAAW,CAAC;AAEnE,SACE,uBAAC,SAAI,WAAWC,eACd;AAAA,2BAAC,SAAI,WAAWR,OAAOW,QACpBN;AAAAA,cACC,uBAAC,UAAK,WAAWL,OAAOY,aACtB,iCAAC,UAAD;AAAA;AAAA;AAAA;AAAA,aAAK,KADP;AAAA;AAAA;AAAA;AAAA,aAEA;AAAA,MAEF,uBAAC,UAAK,WAAWZ,OAAOE,OAAQA,mBAAhC;AAAA;AAAA;AAAA;AAAA,aAAsC;AAAA,SANxC;AAAA;AAAA;AAAA;AAAA,WAOA;AAAA,IAEA,uBAAC,SAAI,WAAWF,OAAOa,MACrB,iCAAC,SAAI,WAAWb,OAAOG,OAAQA,mBAA/B;AAAA;AAAA;AAAA;AAAA,WAAqC,KADvC;AAAA;AAAA;AAAA;AAAA,WAEA;AAAA,IAEA,uBAAC,SAAI,WAAWH,OAAOc,QACrB,iCAAC,UAAK,WAAWJ,iBAAkBN,wBAAnC;AAAA;AAAA;AAAA;AAAA,WAA8C,KADhD;AAAA;AAAA;AAAA;AAAA,WAEA;AAAA,OAhBF;AAAA;AAAA;AAAA;AAAA,SAiBA;AAEJ;AAACW,KAxBuBd;AA0BxBA,KAAKe,YAAY;AAAA,EACfd,OAAOH,UAAUkB,OAAOC;AAAAA,EACxBf,OAAOJ,UAAUkB,OAAOC;AAAAA,EACxBd,YAAYL,UAAUkB;AAAAA,EACtBZ,MAAMN,UAAUoB;AAAAA,EAChBb,SAASP,UAAUqB,MAAM,CAAC,UAAU,WAAW,WAAW,OAAO,CAAC,EAAEF;AAAAA,EACpEX,aAAaR,UAAUqB,MAAM,CAAC,SAAS,OAAO,SAAS,CAAC;AAC1D;AAEAnB,KAAKoB,eAAe;AAAA,EAClBjB,YAAY;AAAA,EACZG,aAAa;AACf;AAAE,IAAAQ;AAAAO,aAAAP,IAAA",
      "names": [
        "React",
        "PropTypes",
        "styles",
        "Card",
        "title",
        "value",
        "footerText",
        "Icon",
        "variant",
        "footerColor",
        "cardClassName",
        "card",
        "footerClassName",
        "header",
        "iconWrapper",
        "body",
        "footer",
        "_c",
        "propTypes",
        "string",
        "isRequired",
        "elementType",
        "oneOf",
        "defaultProps",
        "$RefreshReg$"
      ],
      "ignoreList": [],
      "sources": [
        "C:/Projects/SmartSaver/Frontend/src/pages/Home/components/Card/Card.jsx"
      ],
      "file": "C:/Projects/SmartSaver/Frontend/src/pages/Home/components/Card/Card.jsx"
    },
    "_coverageSchema": "1a1c01bbd47fc00a2c39e90264f33305004495a9",
    "hash": "9371e6a84bbd7dd98de573d148c4b8b734c525a7"
  },
  "C:/Projects/SmartSaver/Frontend/src/pages/Home/components/Legend/Legend.jsx": {
    "path": "C:/Projects/SmartSaver/Frontend/src/pages/Home/components/Legend/Legend.jsx",
    "statementMap": {
      "0": {
        "start": {
          "line": 6,
          "column": 2
        },
        "end": {
          "line": 36,
          "column": 11
        }
      },
      "1": {
        "start": {
          "line": 7,
          "column": 30
        },
        "end": {
          "line": 31,
          "column": 12
        }
      },
      "2": {
        "start": {
          "line": 38,
          "column": 0
        },
        "end": {
          "line": 38,
          "column": 12
        }
      },
      "3": {
        "start": {
          "line": 39,
          "column": 22
        },
        "end": {
          "line": 43,
          "column": 2
        }
      },
      "4": {
        "start": {
          "line": 44,
          "column": 0
        },
        "end": {
          "line": 46,
          "column": 2
        }
      },
      "5": {
        "start": {
          "line": 48,
          "column": 0
        },
        "end": {
          "line": 48,
          "column": 27
        }
      },
      "6": {
        "start": {
          "line": 50,
          "column": 20
        },
        "end": {
          "line": 50,
          "column": 97
        }
      },
      "7": {
        "start": {
          "line": 51,
          "column": 0
        },
        "end": {
          "line": 65,
          "column": 1
        }
      },
      "8": {
        "start": {
          "line": 52,
          "column": 2
        },
        "end": {
          "line": 56,
          "column": 3
        }
      },
      "9": {
        "start": {
          "line": 53,
          "column": 4
        },
        "end": {
          "line": 55,
          "column": 6
        }
      },
      "10": {
        "start": {
          "line": 57,
          "column": 2
        },
        "end": {
          "line": 64,
          "column": 5
        }
      },
      "11": {
        "start": {
          "line": 58,
          "column": 4
        },
        "end": {
          "line": 58,
          "column": 145
        }
      },
      "12": {
        "start": {
          "line": 59,
          "column": 4
        },
        "end": {
          "line": 63,
          "column": 7
        }
      },
      "13": {
        "start": {
          "line": 60,
          "column": 6
        },
        "end": {
          "line": 60,
          "column": 31
        }
      },
      "14": {
        "start": {
          "line": 60,
          "column": 24
        },
        "end": {
          "line": 60,
          "column": 31
        }
      },
      "15": {
        "start": {
          "line": 61,
          "column": 32
        },
        "end": {
          "line": 61,
          "column": 194
        }
      },
      "16": {
        "start": {
          "line": 62,
          "column": 6
        },
        "end": {
          "line": 62,
          "column": 75
        }
      },
      "17": {
        "start": {
          "line": 62,
          "column": 29
        },
        "end": {
          "line": 62,
          "column": 75
        }
      },
      "18": {
        "start": {
          "line": 67,
          "column": 2
        },
        "end": {
          "line": 67,
          "column": 124
        }
      },
      "19": {
        "start": {
          "line": 70,
          "column": 2
        },
        "end": {
          "line": 70,
          "column": 62
        }
      }
    },
    "fnMap": {
      "0": {
        "name": "Legend",
        "decl": {
          "start": {
            "line": 5,
            "column": 24
          },
          "end": {
            "line": 5,
            "column": 30
          }
        },
        "loc": {
          "start": {
            "line": 5,
            "column": 41
          },
          "end": {
            "line": 37,
            "column": 1
          }
        },
        "line": 5
      },
      "1": {
        "name": "(anonymous_1)",
        "decl": {
          "start": {
            "line": 7,
            "column": 4
          },
          "end": {
            "line": 7,
            "column": 5
          }
        },
        "loc": {
          "start": {
            "line": 7,
            "column": 30
          },
          "end": {
            "line": 31,
            "column": 12
          }
        },
        "line": 7
      },
      "2": {
        "name": "(anonymous_2)",
        "decl": {
          "start": {
            "line": 57,
            "column": 52
          },
          "end": {
            "line": 57,
            "column": 53
          }
        },
        "loc": {
          "start": {
            "line": 57,
            "column": 72
          },
          "end": {
            "line": 64,
            "column": 3
          }
        },
        "line": 57
      },
      "3": {
        "name": "(anonymous_3)",
        "decl": {
          "start": {
            "line": 59,
            "column": 27
          },
          "end": {
            "line": 59,
            "column": 28
          }
        },
        "loc": {
          "start": {
            "line": 59,
            "column": 44
          },
          "end": {
            "line": 63,
            "column": 5
          }
        },
        "line": 59
      },
      "4": {
        "name": "$RefreshReg$",
        "decl": {
          "start": {
            "line": 66,
            "column": 9
          },
          "end": {
            "line": 66,
            "column": 21
          }
        },
        "loc": {
          "start": {
            "line": 66,
            "column": 32
          },
          "end": {
            "line": 68,
            "column": 1
          }
        },
        "line": 66
      },
      "5": {
        "name": "$RefreshSig$",
        "decl": {
          "start": {
            "line": 69,
            "column": 9
          },
          "end": {
            "line": 69,
            "column": 21
          }
        },
        "loc": {
          "start": {
            "line": 69,
            "column": 24
          },
          "end": {
            "line": 71,
            "column": 1
          }
        },
        "line": 69
      }
    },
    "branchMap": {
      "0": {
        "loc": {
          "start": {
            "line": 50,
            "column": 20
          },
          "end": {
            "line": 50,
            "column": 97
          }
        },
        "type": "binary-expr",
        "locations": [
          {
            "start": {
              "line": 50,
              "column": 20
            },
            "end": {
              "line": 50,
              "column": 60
            }
          },
          {
            "start": {
              "line": 50,
              "column": 64
            },
            "end": {
              "line": 50,
              "column": 97
            }
          }
        ],
        "line": 50
      },
      "1": {
        "loc": {
          "start": {
            "line": 51,
            "column": 0
          },
          "end": {
            "line": 65,
            "column": 1
          }
        },
        "type": "if",
        "locations": [
          {
            "start": {
              "line": 51,
              "column": 0
            },
            "end": {
              "line": 65,
              "column": 1
            }
          },
          {
            "start": {},
            "end": {}
          }
        ],
        "line": 51
      },
      "2": {
        "loc": {
          "start": {
            "line": 51,
            "column": 4
          },
          "end": {
            "line": 51,
            "column": 35
          }
        },
        "type": "binary-expr",
        "locations": [
          {
            "start": {
              "line": 51,
              "column": 4
            },
            "end": {
              "line": 51,
              "column": 19
            }
          },
          {
            "start": {
              "line": 51,
              "column": 23
            },
            "end": {
              "line": 51,
              "column": 35
            }
          }
        ],
        "line": 51
      },
      "3": {
        "loc": {
          "start": {
            "line": 52,
            "column": 2
          },
          "end": {
            "line": 56,
            "column": 3
          }
        },
        "type": "if",
        "locations": [
          {
            "start": {
              "line": 52,
              "column": 2
            },
            "end": {
              "line": 56,
              "column": 3
            }
          },
          {
            "start": {},
            "end": {}
          }
        ],
        "line": 52
      },
      "4": {
        "loc": {
          "start": {
            "line": 60,
            "column": 6
          },
          "end": {
            "line": 60,
            "column": 31
          }
        },
        "type": "if",
        "locations": [
          {
            "start": {
              "line": 60,
              "column": 6
            },
            "end": {
              "line": 60,
              "column": 31
            }
          },
          {
            "start": {},
            "end": {}
          }
        ],
        "line": 60
      },
      "5": {
        "loc": {
          "start": {
            "line": 62,
            "column": 6
          },
          "end": {
            "line": 62,
            "column": 75
          }
        },
        "type": "if",
        "locations": [
          {
            "start": {
              "line": 62,
              "column": 6
            },
            "end": {
              "line": 62,
              "column": 75
            }
          },
          {
            "start": {},
            "end": {}
          }
        ],
        "line": 62
      }
    },
    "s": {
      "0": 5,
      "1": 10,
      "2": 3,
      "3": 3,
      "4": 3,
      "5": 3,
      "6": 3,
      "7": 3,
      "8": 3,
      "9": 0,
      "10": 3,
      "11": 3,
      "12": 3,
      "13": 0,
      "14": 0,
      "15": 0,
      "16": 0,
      "17": 0,
      "18": 3,
      "19": 0
    },
    "f": {
      "0": 5,
      "1": 10,
      "2": 3,
      "3": 0,
      "4": 3,
      "5": 0
    },
    "b": {
      "0": [
        3,
        0
      ],
      "1": [
        3,
        0
      ],
      "2": [
        3,
        3
      ],
      "3": [
        0,
        3
      ],
      "4": [
        0,
        0
      ],
      "5": [
        0,
        0
      ]
    },
    "inputSourceMap": {
      "version": 3,
      "mappings": "AASQ;AATR,OAAOA,WAAW;AAClB,OAAOC,eAAe;AACtB,OAAOC,YAAY;AAEnB,wBAAwBC,OAAO,EAACC,KAAI,GAAG;AACnC,SACG,uBAAC,QAAG,WAAWF,OAAOG,YACxBD,eAAKE;AAAAA,IAAI,CAACC,SACT,uBAAC,QAAmB,WAAWL,OAAOM,YACpC;AAAA;AAAA,QAAC;AAAA;AAAA,UACC,WAAWN,OAAOO;AAAAA,UAClB,OAAO,EAAEC,iBAAiBH,KAAKI,MAAM;AAAA;AAAA,QAFvC;AAAA;AAAA;AAAA;AAAA;AAAA;AAAA;AAAA;AAAA,MAGC;AAAA,MACAJ,KAAKK;AAAAA,MAAK;AAAA,MAAIL,KAAKM;AAAAA,MAAM;AAAA,SALnBN,KAAKK,MAAd;AAAA;AAAA;AAAA;AAAA,WAMA;AAAA,EACD,KATE;AAAA;AAAA;AAAA;AAAA,SAUL;AAEF;AAACE,KAduBX;AAiBxB,MAAMY,gBAAgBd,UAAUe,MAAM;AAAA,EAClCJ,MAAMX,UAAUgB,OAAOC;AAAAA,EACvBL,OAAOZ,UAAUkB,OAAOD;AAAAA,EACxBP,OAAOV,UAAUgB,OAAOC;AAC5B,CAAC;AAEDf,OAAOiB,YAAY;AAAA,EACfhB,MAAMH,UAAUoB,QAAQN,aAAa,EAAEG;AAC3C;AAAE,IAAAJ;AAAAQ,aAAAR,IAAA",
      "names": [
        "React",
        "PropTypes",
        "styles",
        "Legend",
        "data",
        "legendList",
        "map",
        "item",
        "legendItem",
        "colorDot",
        "backgroundColor",
        "color",
        "name",
        "value",
        "_c",
        "dataItemShape",
        "shape",
        "string",
        "isRequired",
        "number",
        "propTypes",
        "arrayOf",
        "$RefreshReg$"
      ],
      "ignoreList": [],
      "sources": [
        "C:/Projects/SmartSaver/Frontend/src/pages/Home/components/Legend/Legend.jsx"
      ],
      "file": "C:/Projects/SmartSaver/Frontend/src/pages/Home/components/Legend/Legend.jsx"
    },
    "_coverageSchema": "1a1c01bbd47fc00a2c39e90264f33305004495a9",
    "hash": "10db121e3e8154a4c9519006e3d89692b05103d4"
  },
  "C:/Projects/SmartSaver/Frontend/src/pages/Home/components/SpendingPieChart/SpendingPieChart.jsx": {
    "path": "C:/Projects/SmartSaver/Frontend/src/pages/Home/components/SpendingPieChart/SpendingPieChart.jsx",
    "statementMap": {
      "0": {
        "start": {
          "line": 6,
          "column": 23
        },
        "end": {
          "line": 15,
          "column": 1
        }
      },
      "1": {
        "start": {
          "line": 17,
          "column": 19
        },
        "end": {
          "line": 17,
          "column": 98
        }
      },
      "2": {
        "start": {
          "line": 18,
          "column": 21
        },
        "end": {
          "line": 21,
          "column": 4
        }
      },
      "3": {
        "start": {
          "line": 19,
          "column": 18
        },
        "end": {
          "line": 19,
          "column": 75
        }
      },
      "4": {
        "start": {
          "line": 20,
          "column": 4
        },
        "end": {
          "line": 20,
          "column": 30
        }
      },
      "5": {
        "start": {
          "line": 22,
          "column": 2
        },
        "end": {
          "line": 68,
          "column": 11
        }
      },
      "6": {
        "start": {
          "line": 35,
          "column": 44
        },
        "end": {
          "line": 39,
          "column": 18
        }
      },
      "7": {
        "start": {
          "line": 70,
          "column": 0
        },
        "end": {
          "line": 70,
          "column": 22
        }
      },
      "8": {
        "start": {
          "line": 71,
          "column": 0
        },
        "end": {
          "line": 77,
          "column": 2
        }
      },
      "9": {
        "start": {
          "line": 79,
          "column": 0
        },
        "end": {
          "line": 79,
          "column": 37
        }
      },
      "10": {
        "start": {
          "line": 81,
          "column": 20
        },
        "end": {
          "line": 81,
          "column": 97
        }
      },
      "11": {
        "start": {
          "line": 82,
          "column": 0
        },
        "end": {
          "line": 96,
          "column": 1
        }
      },
      "12": {
        "start": {
          "line": 83,
          "column": 2
        },
        "end": {
          "line": 87,
          "column": 3
        }
      },
      "13": {
        "start": {
          "line": 84,
          "column": 4
        },
        "end": {
          "line": 86,
          "column": 6
        }
      },
      "14": {
        "start": {
          "line": 88,
          "column": 2
        },
        "end": {
          "line": 95,
          "column": 5
        }
      },
      "15": {
        "start": {
          "line": 89,
          "column": 4
        },
        "end": {
          "line": 89,
          "column": 165
        }
      },
      "16": {
        "start": {
          "line": 90,
          "column": 4
        },
        "end": {
          "line": 94,
          "column": 7
        }
      },
      "17": {
        "start": {
          "line": 91,
          "column": 6
        },
        "end": {
          "line": 91,
          "column": 31
        }
      },
      "18": {
        "start": {
          "line": 91,
          "column": 24
        },
        "end": {
          "line": 91,
          "column": 31
        }
      },
      "19": {
        "start": {
          "line": 92,
          "column": 32
        },
        "end": {
          "line": 92,
          "column": 214
        }
      },
      "20": {
        "start": {
          "line": 93,
          "column": 6
        },
        "end": {
          "line": 93,
          "column": 75
        }
      },
      "21": {
        "start": {
          "line": 93,
          "column": 29
        },
        "end": {
          "line": 93,
          "column": 75
        }
      },
      "22": {
        "start": {
          "line": 98,
          "column": 2
        },
        "end": {
          "line": 98,
          "column": 144
        }
      },
      "23": {
        "start": {
          "line": 101,
          "column": 2
        },
        "end": {
          "line": 101,
          "column": 62
        }
      }
    },
    "fnMap": {
      "0": {
        "name": "SpendingPieChart",
        "decl": {
          "start": {
            "line": 16,
            "column": 24
          },
          "end": {
            "line": 16,
            "column": 40
          }
        },
        "loc": {
          "start": {
            "line": 16,
            "column": 56
          },
          "end": {
            "line": 69,
            "column": 1
          }
        },
        "line": 16
      },
      "1": {
        "name": "(anonymous_1)",
        "decl": {
          "start": {
            "line": 18,
            "column": 34
          },
          "end": {
            "line": 18,
            "column": 35
          }
        },
        "loc": {
          "start": {
            "line": 18,
            "column": 49
          },
          "end": {
            "line": 21,
            "column": 3
          }
        },
        "line": 18
      },
      "2": {
        "name": "(anonymous_2)",
        "decl": {
          "start": {
            "line": 35,
            "column": 10
          },
          "end": {
            "line": 35,
            "column": 11
          }
        },
        "loc": {
          "start": {
            "line": 35,
            "column": 44
          },
          "end": {
            "line": 39,
            "column": 18
          }
        },
        "line": 35
      },
      "3": {
        "name": "(anonymous_3)",
        "decl": {
          "start": {
            "line": 88,
            "column": 52
          },
          "end": {
            "line": 88,
            "column": 53
          }
        },
        "loc": {
          "start": {
            "line": 88,
            "column": 72
          },
          "end": {
            "line": 95,
            "column": 3
          }
        },
        "line": 88
      },
      "4": {
        "name": "(anonymous_4)",
        "decl": {
          "start": {
            "line": 90,
            "column": 27
          },
          "end": {
            "line": 90,
            "column": 28
          }
        },
        "loc": {
          "start": {
            "line": 90,
            "column": 44
          },
          "end": {
            "line": 94,
            "column": 5
          }
        },
        "line": 90
      },
      "5": {
        "name": "$RefreshReg$",
        "decl": {
          "start": {
            "line": 97,
            "column": 9
          },
          "end": {
            "line": 97,
            "column": 21
          }
        },
        "loc": {
          "start": {
            "line": 97,
            "column": 32
          },
          "end": {
            "line": 99,
            "column": 1
          }
        },
        "line": 97
      },
      "6": {
        "name": "$RefreshSig$",
        "decl": {
          "start": {
            "line": 100,
            "column": 9
          },
          "end": {
            "line": 100,
            "column": 21
          }
        },
        "loc": {
          "start": {
            "line": 100,
            "column": 24
          },
          "end": {
            "line": 102,
            "column": 1
          }
        },
        "line": 100
      }
    },
    "branchMap": {
      "0": {
        "loc": {
          "start": {
            "line": 16,
            "column": 43
          },
          "end": {
            "line": 16,
            "column": 52
          }
        },
        "type": "default-arg",
        "locations": [
          {
            "start": {
              "line": 16,
              "column": 50
            },
            "end": {
              "line": 16,
              "column": 52
            }
          }
        ],
        "line": 16
      },
      "1": {
        "loc": {
          "start": {
            "line": 17,
            "column": 19
          },
          "end": {
            "line": 17,
            "column": 98
          }
        },
        "type": "cond-expr",
        "locations": [
          {
            "start": {
              "line": 17,
              "column": 41
            },
            "end": {
              "line": 17,
              "column": 45
            }
          },
          {
            "start": {
              "line": 17,
              "column": 48
            },
            "end": {
              "line": 17,
              "column": 98
            }
          }
        ],
        "line": 17
      },
      "2": {
        "loc": {
          "start": {
            "line": 17,
            "column": 19
          },
          "end": {
            "line": 17,
            "column": 38
          }
        },
        "type": "binary-expr",
        "locations": [
          {
            "start": {
              "line": 17,
              "column": 19
            },
            "end": {
              "line": 17,
              "column": 23
            }
          },
          {
            "start": {
              "line": 17,
              "column": 27
            },
            "end": {
              "line": 17,
              "column": 38
            }
          }
        ],
        "line": 17
      },
      "3": {
        "loc": {
          "start": {
            "line": 19,
            "column": 18
          },
          "end": {
            "line": 19,
            "column": 75
          }
        },
        "type": "binary-expr",
        "locations": [
          {
            "start": {
              "line": 19,
              "column": 18
            },
            "end": {
              "line": 19,
              "column": 28
            }
          },
          {
            "start": {
              "line": 19,
              "column": 32
            },
            "end": {
              "line": 19,
              "column": 75
            }
          }
        ],
        "line": 19
      },
      "4": {
        "loc": {
          "start": {
            "line": 81,
            "column": 20
          },
          "end": {
            "line": 81,
            "column": 97
          }
        },
        "type": "binary-expr",
        "locations": [
          {
            "start": {
              "line": 81,
              "column": 20
            },
            "end": {
              "line": 81,
              "column": 60
            }
          },
          {
            "start": {
              "line": 81,
              "column": 64
            },
            "end": {
              "line": 81,
              "column": 97
            }
          }
        ],
        "line": 81
      },
      "5": {
        "loc": {
          "start": {
            "line": 82,
            "column": 0
          },
          "end": {
            "line": 96,
            "column": 1
          }
        },
        "type": "if",
        "locations": [
          {
            "start": {
              "line": 82,
              "column": 0
            },
            "end": {
              "line": 96,
              "column": 1
            }
          },
          {
            "start": {},
            "end": {}
          }
        ],
        "line": 82
      },
      "6": {
        "loc": {
          "start": {
            "line": 82,
            "column": 4
          },
          "end": {
            "line": 82,
            "column": 35
          }
        },
        "type": "binary-expr",
        "locations": [
          {
            "start": {
              "line": 82,
              "column": 4
            },
            "end": {
              "line": 82,
              "column": 19
            }
          },
          {
            "start": {
              "line": 82,
              "column": 23
            },
            "end": {
              "line": 82,
              "column": 35
            }
          }
        ],
        "line": 82
      },
      "7": {
        "loc": {
          "start": {
            "line": 83,
            "column": 2
          },
          "end": {
            "line": 87,
            "column": 3
          }
        },
        "type": "if",
        "locations": [
          {
            "start": {
              "line": 83,
              "column": 2
            },
            "end": {
              "line": 87,
              "column": 3
            }
          },
          {
            "start": {},
            "end": {}
          }
        ],
        "line": 83
      },
      "8": {
        "loc": {
          "start": {
            "line": 91,
            "column": 6
          },
          "end": {
            "line": 91,
            "column": 31
          }
        },
        "type": "if",
        "locations": [
          {
            "start": {
              "line": 91,
              "column": 6
            },
            "end": {
              "line": 91,
              "column": 31
            }
          },
          {
            "start": {},
            "end": {}
          }
        ],
        "line": 91
      },
      "9": {
        "loc": {
          "start": {
            "line": 93,
            "column": 6
          },
          "end": {
            "line": 93,
            "column": 75
          }
        },
        "type": "if",
        "locations": [
          {
            "start": {
              "line": 93,
              "column": 6
            },
            "end": {
              "line": 93,
              "column": 75
            }
          },
          {
            "start": {},
            "end": {}
          }
        ],
        "line": 93
      }
    },
    "s": {
      "0": 3,
      "1": 5,
      "2": 5,
      "3": 10,
      "4": 10,
      "5": 5,
      "6": 10,
      "7": 3,
      "8": 3,
      "9": 3,
      "10": 3,
      "11": 3,
      "12": 3,
      "13": 0,
      "14": 3,
      "15": 3,
      "16": 3,
      "17": 0,
      "18": 0,
      "19": 0,
      "20": 0,
      "21": 0,
      "22": 3,
      "23": 0
    },
    "f": {
      "0": 5,
      "1": 10,
      "2": 10,
      "3": 3,
      "4": 0,
      "5": 3,
      "6": 0
    },
    "b": {
      "0": [
        0
      ],
      "1": [
        5,
        0
      ],
      "2": [
        5,
        5
      ],
      "3": [
        10,
        0
      ],
      "4": [
        3,
        0
      ],
      "5": [
        3,
        0
      ],
      "6": [
        3,
        3
      ],
      "7": [
        0,
        3
      ],
      "8": [
        0,
        0
      ],
      "9": [
        0,
        0
      ]
    },
    "inputSourceMap": {
      "version": 3,
      "mappings": "AA+Bc;AA/Bd,OAAOA,WAAW;AAClB,SAASC,UAAUC,KAAKC,MAAMC,2BAA2B;AACzD,OAAOC,eAAe;AACtB,OAAOC,YAAY;AAEnB,MAAMC,iBAAiB;AAAA,EACrB;AAAA,EAAW;AAAA,EAAW;AAAA,EAAW;AAAA,EAAW;AAAA,EAAW;AAAA,EAAW;AAAA,EAAW;AAAS;AAGxF,wBAAwBC,iBAAiB,EAAEC,OAAO,GAAG,GAAG;AACtD,QAAMC,WAAWD,QAAQA,KAAKE,SAASF,OAAO,CAAC,EAAEG,MAAM,eAAeC,OAAO,GAAGC,OAAO,OAAO,CAAC;AAC/F,QAAMC,aAAaL,SAASM,IAAI,CAACC,MAAMC,QAAQ;AAC7C,UAAMJ,QAAQG,KAAKH,SAASP,eAAeW,MAAMX,eAAeI,MAAM;AACtE,WAAO,EAAE,GAAGM,MAAMH,MAAM;AAAA,EAC1B,CAAC;AAED,SACE,uBAAC,SAAI,OAAO,EAAEK,OAAO,QAAQC,QAAQ,IAAI,GACvC;AAAA,2BAAC,uBACC,iCAAC,YACC;AAAA,MAAC;AAAA;AAAA,QACC,MAAML;AAAAA,QACN,SAAQ;AAAA,QACR,SAAQ;AAAA,QACR,IAAG;AAAA,QACH,IAAG;AAAA,QACH,aAAa;AAAA,QACb,aAAa;AAAA,QACb,QAAO;AAAA,QAENA,qBAAWC;AAAAA,UAAI,CAACK,OAAOC,UACtB,uBAAC,QAA2B,MAAMD,MAAMP,SAA7B,QAAQQ,KAAK,IAAxB;AAAA;AAAA;AAAA;AAAA,iBAA8C;AAAA,QAC/C;AAAA;AAAA,MAZH;AAAA;AAAA;AAAA;AAAA;AAAA;AAAA;AAAA;AAAA,IAaA,KAdF;AAAA;AAAA;AAAA;AAAA,WAeA,KAhBF;AAAA;AAAA;AAAA;AAAA,WAiBA;AAAA,IAEA,uBAAC,UAAO,MAAMP,cAAd;AAAA;AAAA;AAAA;AAAA,WAAyB;AAAA,OApB3B;AAAA;AAAA;AAAA;AAAA,SAqBA;AAEJ;AAACQ,KA/BuBf;AAiCxBA,iBAAiBgB,YAAY;AAAA,EAC3Bf,MAAMJ,UAAUoB,QAAQpB,UAAUqB,MAAM;AAAA,IACtCd,MAAMP,UAAUsB,OAAOC;AAAAA,IACvBf,OAAOR,UAAUwB,OAAOD;AAAAA,IACxBd,OAAOT,UAAUsB;AAAAA,EACnB,CAAC,CAAC;AACJ;AAAE,IAAAJ;AAAAO,aAAAP,IAAA",
      "names": [
        "React",
        "PieChart",
        "Pie",
        "Cell",
        "ResponsiveContainer",
        "PropTypes",
        "Legend",
        "DEFAULT_COLORS",
        "SpendingPieChart",
        "data",
        "safeData",
        "length",
        "name",
        "value",
        "color",
        "mappedData",
        "map",
        "item",
        "idx",
        "width",
        "height",
        "entry",
        "index",
        "_c",
        "propTypes",
        "arrayOf",
        "shape",
        "string",
        "isRequired",
        "number",
        "$RefreshReg$"
      ],
      "ignoreList": [],
      "sources": [
        "C:/Projects/SmartSaver/Frontend/src/pages/Home/components/SpendingPieChart/SpendingPieChart.jsx"
      ],
      "file": "C:/Projects/SmartSaver/Frontend/src/pages/Home/components/SpendingPieChart/SpendingPieChart.jsx"
    },
    "_coverageSchema": "1a1c01bbd47fc00a2c39e90264f33305004495a9",
    "hash": "cd3bf37e65ffb25b705bb65d0a0e1bec85e590ff"
  },
  "C:/Projects/SmartSaver/Frontend/src/pages/Home/components/BalanceChart/BalanceChart.jsx": {
    "path": "C:/Projects/SmartSaver/Frontend/src/pages/Home/components/BalanceChart/BalanceChart.jsx",
    "statementMap": {
      "0": {
        "start": {
          "line": 15,
          "column": 20
        },
        "end": {
          "line": 18,
          "column": 10
        }
      },
      "1": {
        "start": {
          "line": 15,
          "column": 59
        },
        "end": {
          "line": 18,
          "column": 3
        }
      },
      "2": {
        "start": {
          "line": 19,
          "column": 21
        },
        "end": {
          "line": 19,
          "column": 42
        }
      },
      "3": {
        "start": {
          "line": 20,
          "column": 22
        },
        "end": {
          "line": 20,
          "column": 80
        }
      },
      "4": {
        "start": {
          "line": 21,
          "column": 16
        },
        "end": {
          "line": 21,
          "column": 38
        }
      },
      "5": {
        "start": {
          "line": 22,
          "column": 2
        },
        "end": {
          "line": 126,
          "column": 11
        }
      },
      "6": {
        "start": {
          "line": 93,
          "column": 32
        },
        "end": {
          "line": 93,
          "column": 55
        }
      },
      "7": {
        "start": {
          "line": 128,
          "column": 0
        },
        "end": {
          "line": 128,
          "column": 18
        }
      },
      "8": {
        "start": {
          "line": 129,
          "column": 0
        },
        "end": {
          "line": 134,
          "column": 2
        }
      },
      "9": {
        "start": {
          "line": 135,
          "column": 0
        },
        "end": {
          "line": 135,
          "column": 41
        }
      },
      "10": {
        "start": {
          "line": 137,
          "column": 0
        },
        "end": {
          "line": 137,
          "column": 33
        }
      },
      "11": {
        "start": {
          "line": 139,
          "column": 20
        },
        "end": {
          "line": 139,
          "column": 97
        }
      },
      "12": {
        "start": {
          "line": 140,
          "column": 0
        },
        "end": {
          "line": 154,
          "column": 1
        }
      },
      "13": {
        "start": {
          "line": 141,
          "column": 2
        },
        "end": {
          "line": 145,
          "column": 3
        }
      },
      "14": {
        "start": {
          "line": 142,
          "column": 4
        },
        "end": {
          "line": 144,
          "column": 6
        }
      },
      "15": {
        "start": {
          "line": 146,
          "column": 2
        },
        "end": {
          "line": 153,
          "column": 5
        }
      },
      "16": {
        "start": {
          "line": 147,
          "column": 4
        },
        "end": {
          "line": 147,
          "column": 157
        }
      },
      "17": {
        "start": {
          "line": 148,
          "column": 4
        },
        "end": {
          "line": 152,
          "column": 7
        }
      },
      "18": {
        "start": {
          "line": 149,
          "column": 6
        },
        "end": {
          "line": 149,
          "column": 31
        }
      },
      "19": {
        "start": {
          "line": 149,
          "column": 24
        },
        "end": {
          "line": 149,
          "column": 31
        }
      },
      "20": {
        "start": {
          "line": 150,
          "column": 32
        },
        "end": {
          "line": 150,
          "column": 206
        }
      },
      "21": {
        "start": {
          "line": 151,
          "column": 6
        },
        "end": {
          "line": 151,
          "column": 75
        }
      },
      "22": {
        "start": {
          "line": 151,
          "column": 29
        },
        "end": {
          "line": 151,
          "column": 75
        }
      },
      "23": {
        "start": {
          "line": 156,
          "column": 2
        },
        "end": {
          "line": 156,
          "column": 136
        }
      },
      "24": {
        "start": {
          "line": 159,
          "column": 2
        },
        "end": {
          "line": 159,
          "column": 62
        }
      }
    },
    "fnMap": {
      "0": {
        "name": "BalanceChart",
        "decl": {
          "start": {
            "line": 14,
            "column": 24
          },
          "end": {
            "line": 14,
            "column": 36
          }
        },
        "loc": {
          "start": {
            "line": 14,
            "column": 92
          },
          "end": {
            "line": 127,
            "column": 1
          }
        },
        "line": 14
      },
      "1": {
        "name": "(anonymous_1)",
        "decl": {
          "start": {
            "line": 15,
            "column": 51
          },
          "end": {
            "line": 15,
            "column": 52
          }
        },
        "loc": {
          "start": {
            "line": 15,
            "column": 59
          },
          "end": {
            "line": 18,
            "column": 3
          }
        },
        "line": 15
      },
      "2": {
        "name": "(anonymous_2)",
        "decl": {
          "start": {
            "line": 93,
            "column": 21
          },
          "end": {
            "line": 93,
            "column": 22
          }
        },
        "loc": {
          "start": {
            "line": 93,
            "column": 32
          },
          "end": {
            "line": 93,
            "column": 55
          }
        },
        "line": 93
      },
      "3": {
        "name": "(anonymous_3)",
        "decl": {
          "start": {
            "line": 146,
            "column": 52
          },
          "end": {
            "line": 146,
            "column": 53
          }
        },
        "loc": {
          "start": {
            "line": 146,
            "column": 72
          },
          "end": {
            "line": 153,
            "column": 3
          }
        },
        "line": 146
      },
      "4": {
        "name": "(anonymous_4)",
        "decl": {
          "start": {
            "line": 148,
            "column": 27
          },
          "end": {
            "line": 148,
            "column": 28
          }
        },
        "loc": {
          "start": {
            "line": 148,
            "column": 44
          },
          "end": {
            "line": 152,
            "column": 5
          }
        },
        "line": 148
      },
      "5": {
        "name": "$RefreshReg$",
        "decl": {
          "start": {
            "line": 155,
            "column": 9
          },
          "end": {
            "line": 155,
            "column": 21
          }
        },
        "loc": {
          "start": {
            "line": 155,
            "column": 32
          },
          "end": {
            "line": 157,
            "column": 1
          }
        },
        "line": 155
      },
      "6": {
        "name": "$RefreshSig$",
        "decl": {
          "start": {
            "line": 158,
            "column": 9
          },
          "end": {
            "line": 158,
            "column": 21
          }
        },
        "loc": {
          "start": {
            "line": 158,
            "column": 24
          },
          "end": {
            "line": 160,
            "column": 1
          }
        },
        "line": 158
      }
    },
    "branchMap": {
      "0": {
        "loc": {
          "start": {
            "line": 14,
            "column": 79
          },
          "end": {
            "line": 14,
            "column": 88
          }
        },
        "type": "default-arg",
        "locations": [
          {
            "start": {
              "line": 14,
              "column": 86
            },
            "end": {
              "line": 14,
              "column": 88
            }
          }
        ],
        "line": 14
      },
      "1": {
        "loc": {
          "start": {
            "line": 15,
            "column": 20
          },
          "end": {
            "line": 18,
            "column": 10
          }
        },
        "type": "cond-expr",
        "locations": [
          {
            "start": {
              "line": 15,
              "column": 42
            },
            "end": {
              "line": 18,
              "column": 5
            }
          },
          {
            "start": {
              "line": 18,
              "column": 8
            },
            "end": {
              "line": 18,
              "column": 10
            }
          }
        ],
        "line": 15
      },
      "2": {
        "loc": {
          "start": {
            "line": 15,
            "column": 20
          },
          "end": {
            "line": 15,
            "column": 39
          }
        },
        "type": "binary-expr",
        "locations": [
          {
            "start": {
              "line": 15,
              "column": 20
            },
            "end": {
              "line": 15,
              "column": 24
            }
          },
          {
            "start": {
              "line": 15,
              "column": 28
            },
            "end": {
              "line": 15,
              "column": 39
            }
          }
        ],
        "line": 15
      },
      "3": {
        "loc": {
          "start": {
            "line": 20,
            "column": 22
          },
          "end": {
            "line": 20,
            "column": 80
          }
        },
        "type": "cond-expr",
        "locations": [
          {
            "start": {
              "line": 20,
              "column": 35
            },
            "end": {
              "line": 20,
              "column": 56
            }
          },
          {
            "start": {
              "line": 20,
              "column": 59
            },
            "end": {
              "line": 20,
              "column": 80
            }
          }
        ],
        "line": 20
      },
      "4": {
        "loc": {
          "start": {
            "line": 21,
            "column": 16
          },
          "end": {
            "line": 21,
            "column": 38
          }
        },
        "type": "cond-expr",
        "locations": [
          {
            "start": {
              "line": 21,
              "column": 29
            },
            "end": {
              "line": 21,
              "column": 32
            }
          },
          {
            "start": {
              "line": 21,
              "column": 35
            },
            "end": {
              "line": 21,
              "column": 38
            }
          }
        ],
        "line": 21
      },
      "5": {
        "loc": {
          "start": {
            "line": 139,
            "column": 20
          },
          "end": {
            "line": 139,
            "column": 97
          }
        },
        "type": "binary-expr",
        "locations": [
          {
            "start": {
              "line": 139,
              "column": 20
            },
            "end": {
              "line": 139,
              "column": 60
            }
          },
          {
            "start": {
              "line": 139,
              "column": 64
            },
            "end": {
              "line": 139,
              "column": 97
            }
          }
        ],
        "line": 139
      },
      "6": {
        "loc": {
          "start": {
            "line": 140,
            "column": 0
          },
          "end": {
            "line": 154,
            "column": 1
          }
        },
        "type": "if",
        "locations": [
          {
            "start": {
              "line": 140,
              "column": 0
            },
            "end": {
              "line": 154,
              "column": 1
            }
          },
          {
            "start": {},
            "end": {}
          }
        ],
        "line": 140
      },
      "7": {
        "loc": {
          "start": {
            "line": 140,
            "column": 4
          },
          "end": {
            "line": 140,
            "column": 35
          }
        },
        "type": "binary-expr",
        "locations": [
          {
            "start": {
              "line": 140,
              "column": 4
            },
            "end": {
              "line": 140,
              "column": 19
            }
          },
          {
            "start": {
              "line": 140,
              "column": 23
            },
            "end": {
              "line": 140,
              "column": 35
            }
          }
        ],
        "line": 140
      },
      "8": {
        "loc": {
          "start": {
            "line": 141,
            "column": 2
          },
          "end": {
            "line": 145,
            "column": 3
          }
        },
        "type": "if",
        "locations": [
          {
            "start": {
              "line": 141,
              "column": 2
            },
            "end": {
              "line": 145,
              "column": 3
            }
          },
          {
            "start": {},
            "end": {}
          }
        ],
        "line": 141
      },
      "9": {
        "loc": {
          "start": {
            "line": 149,
            "column": 6
          },
          "end": {
            "line": 149,
            "column": 31
          }
        },
        "type": "if",
        "locations": [
          {
            "start": {
              "line": 149,
              "column": 6
            },
            "end": {
              "line": 149,
              "column": 31
            }
          },
          {
            "start": {},
            "end": {}
          }
        ],
        "line": 149
      },
      "10": {
        "loc": {
          "start": {
            "line": 151,
            "column": 6
          },
          "end": {
            "line": 151,
            "column": 75
          }
        },
        "type": "if",
        "locations": [
          {
            "start": {
              "line": 151,
              "column": 6
            },
            "end": {
              "line": 151,
              "column": 75
            }
          },
          {
            "start": {},
            "end": {}
          }
        ],
        "line": 151
      }
    },
    "s": {
      "0": 5,
      "1": 10,
      "2": 5,
      "3": 5,
      "4": 5,
      "5": 5,
      "6": 0,
      "7": 3,
      "8": 3,
      "9": 3,
      "10": 3,
      "11": 3,
      "12": 3,
      "13": 3,
      "14": 0,
      "15": 3,
      "16": 3,
      "17": 3,
      "18": 0,
      "19": 0,
      "20": 0,
      "21": 0,
      "22": 0,
      "23": 3,
      "24": 0
    },
    "f": {
      "0": 5,
      "1": 10,
      "2": 0,
      "3": 3,
      "4": 0,
      "5": 3,
      "6": 0
    },
    "b": {
      "0": [
        0
      ],
      "1": [
        5,
        0
      ],
      "2": [
        5,
        5
      ],
      "3": [
        5,
        0
      ],
      "4": [
        5,
        0
      ],
      "5": [
        3,
        0
      ],
      "6": [
        3,
        0
      ],
      "7": [
        3,
        3
      ],
      "8": [
        0,
        3
      ],
      "9": [
        0,
        0
      ],
      "10": [
        0,
        0
      ]
    },
    "inputSourceMap": {
      "version": 3,
      "mappings": "AAqBU;AArBV,OAAOA,WAAW;AAClB;AAAA,EACEC;AAAAA,EAAWC;AAAAA,EAAMC;AAAAA,EAAOC;AAAAA,EAAOC;AAAAA,EAAeC;AAAAA,EAASC;AAAAA,OAClD;AACP,OAAOC,YAAY;AACnB,OAAOC,eAAe;AAEtB,wBAAwBC,aAAa,EAAEC,gBAAgBC,MAAMC,kBAAkBC,OAAO,GAAG,GAAG;AAC1F,QAAMC,YAAaD,QAAQA,KAAKE,SAAUF,KAAKG,IAAI,CAAAC,OAAM;AAAA,IACvDN,MAAMM,EAAEN,KAAKO,MAAM,CAAC,IAAI,MAAMD,EAAEN,KAAKO,MAAM,GAAE,CAAC;AAAA,IAC9CC,SAASC,OAAOH,EAAEE,OAAO;AAAA,EAC3B,EAAE,IAAI;AAEN,QAAME,aAAaT,oBAAoB;AACvC,QAAMU,cAAcD,aAAad,OAAOgB,iBAAiBhB,OAAOiB;AAChE,QAAMC,QAAQJ,aAAa,MAAM;AAEjC,SACE,uBAAC,SAAI,WAAWd,OAAOmB,gBACrB;AAAA,2BAAC,SAAI,WAAWnB,OAAOoB,QACrB;AAAA,6BAAC,SAAI,WAAWpB,OAAOqB,aACrB;AAAA,+BAAC,OAAE,WAAWrB,OAAOsB,WAAW;AAAA;AAAA,UAAUlB;AAAAA,aAA1C;AAAA;AAAA;AAAA;AAAA,eAA+C;AAAA,QAC/C,uBAAC,OAAE,WAAWJ,OAAOuB,cAAepB;AAAAA;AAAAA,UAAe;AAAA,aAAnD;AAAA;AAAA;AAAA;AAAA,eAAoD;AAAA,WAFtD;AAAA;AAAA;AAAA;AAAA,aAGA;AAAA,MAEA,uBAAC,SAAI,WAAWH,OAAOwB,YACrB;AAAA,+BAAC,OAAE,WAAWxB,OAAOyB,aAAa,kCAAlC;AAAA;AAAA;AAAA;AAAA,eAAoD;AAAA,QACpD,uBAAC,UAAK,WAAWV,aACdG;AAAAA;AAAAA,UACAQ,KAAKC,IAAItB,gBAAgB;AAAA,UAAE;AAAA,aAF9B;AAAA;AAAA;AAAA;AAAA,eAGA;AAAA,WALF;AAAA;AAAA;AAAA;AAAA,aAMA;AAAA,SAZF;AAAA;AAAA;AAAA;AAAA,WAaA;AAAA,IAEA,uBAAC,SAAI,WAAWL,OAAO4B,cACrB,iCAAC,uBAAoB,OAAM,QAAO,QAAQ,KACxC,iCAAC,aAAU,MAAMrB,WAAW,QAAQ,EAAEsB,KAAK,GAAGC,OAAO,IAAIC,MAAM,IAAIC,QAAQ,EAAE,GAC3E;AAAA,6BAAC,iBAAc,QAAO,QAAO,UAAU,QAAvC;AAAA;AAAA;AAAA;AAAA,aAA4C;AAAA,MAC5C,uBAAC,SAAM,SAAQ,QAAO,QAAO,QAAO,MAAM,EAAEC,MAAM,OAAO,GAAG,UAAU,SAAtE;AAAA;AAAA;AAAA;AAAA,aAA4E;AAAA,MAC5E,uBAAC,SAAM,QAAO,QAAO,MAAM,EAAEA,MAAM,OAAO,GAAG,UAAU,OAAO,QAAQ,CAAC,QAAO,MAAM,KAApF;AAAA;AAAA;AAAA;AAAA,aAAsF;AAAA,MACtF;AAAA,QAAC;AAAA;AAAA,UACC,cAAc,EAAEC,iBAAiB,WAAWC,QAAQ,kBAAkBC,cAAc,OAAOC,OAAO,OAAO;AAAA,UACzG,YAAY,EAAEA,OAAO,OAAO;AAAA,UAC5B,WAAW,EAAEA,OAAO,UAAU;AAAA,UAC9B,WAAW,CAACC,UAAU,CAAC,GAAGA,KAAK,KAAK,QAAQ;AAAA;AAAA,QAJ9C;AAAA;AAAA;AAAA;AAAA;AAAA;AAAA;AAAA;AAAA,MAIgD;AAAA,MAEhD,uBAAC,QAAK,MAAK,YAAW,SAAQ,WAAU,QAAO,WAAU,aAAa,GAAG,KAAK,EAAEC,GAAG,EAAE,GAAG,WAAW,EAAEA,GAAG,EAAE,KAA1G;AAAA;AAAA;AAAA;AAAA,aAA4G;AAAA,SAV9G;AAAA;AAAA;AAAA;AAAA,WAWA,KAZF;AAAA;AAAA;AAAA;AAAA,WAaA,KAdF;AAAA;AAAA;AAAA;AAAA,WAeA;AAAA,OA/BF;AAAA;AAAA;AAAA;AAAA,SAgCA;AAEJ;AAACC,KA7CuBtC;AA+CxBA,aAAauC,YAAY;AAAA,EACvBtC,gBAAgBF,UAAUyC,UAAU,CAACzC,UAAU0C,QAAQ1C,UAAU2C,MAAM,CAAC,EAAEC;AAAAA,EAC1EzC,MAAMH,UAAU0C,OAAOE;AAAAA,EACvBxC,kBAAkBJ,UAAU2C,OAAOC;AAAAA,EACnCvC,MAAML,UAAU6C;AAClB;AAEA5C,aAAa6C,eAAe,EAAEzC,MAAM,GAAG;AAAE,IAAAkC;AAAAQ,aAAAR,IAAA",
      "names": [
        "React",
        "LineChart",
        "Line",
        "XAxis",
        "YAxis",
        "CartesianGrid",
        "Tooltip",
        "ResponsiveContainer",
        "styles",
        "PropTypes",
        "BalanceChart",
        "currentBalance",
        "date",
        "changePercentage",
        "data",
        "chartData",
        "length",
        "map",
        "d",
        "slice",
        "balance",
        "Number",
        "isPositive",
        "changeClass",
        "positiveChange",
        "negativeChange",
        "arrow",
        "chartContainer",
        "header",
        "balanceInfo",
        "dateTitle",
        "balanceValue",
        "changeInfo",
        "previousDay",
        "Math",
        "abs",
        "graphWrapper",
        "top",
        "right",
        "left",
        "bottom",
        "fill",
        "backgroundColor",
        "border",
        "borderRadius",
        "color",
        "value",
        "r",
        "_c",
        "propTypes",
        "oneOfType",
        "string",
        "number",
        "isRequired",
        "array",
        "defaultProps",
        "$RefreshReg$"
      ],
      "ignoreList": [],
      "sources": [
        "C:/Projects/SmartSaver/Frontend/src/pages/Home/components/BalanceChart/BalanceChart.jsx"
      ],
      "file": "C:/Projects/SmartSaver/Frontend/src/pages/Home/components/BalanceChart/BalanceChart.jsx"
    },
    "_coverageSchema": "1a1c01bbd47fc00a2c39e90264f33305004495a9",
    "hash": "8875f7dc43dc3763fe93db4b0082398cf2d620a0"
  },
  "C:/Projects/SmartSaver/Frontend/src/assets/icons/ChevronLeftIcon.jsx": {
    "path": "C:/Projects/SmartSaver/Frontend/src/assets/icons/ChevronLeftIcon.jsx",
    "statementMap": {
      "0": {
        "start": {
          "line": 4,
          "column": 2
        },
        "end": {
          "line": 12,
          "column": 11
        }
      },
      "1": {
        "start": {
          "line": 14,
          "column": 0
        },
        "end": {
          "line": 14,
          "column": 21
        }
      },
      "2": {
        "start": {
          "line": 16,
          "column": 0
        },
        "end": {
          "line": 16,
          "column": 36
        }
      },
      "3": {
        "start": {
          "line": 18,
          "column": 20
        },
        "end": {
          "line": 18,
          "column": 97
        }
      },
      "4": {
        "start": {
          "line": 19,
          "column": 0
        },
        "end": {
          "line": 33,
          "column": 1
        }
      },
      "5": {
        "start": {
          "line": 20,
          "column": 2
        },
        "end": {
          "line": 24,
          "column": 3
        }
      },
      "6": {
        "start": {
          "line": 21,
          "column": 4
        },
        "end": {
          "line": 23,
          "column": 6
        }
      },
      "7": {
        "start": {
          "line": 25,
          "column": 2
        },
        "end": {
          "line": 32,
          "column": 5
        }
      },
      "8": {
        "start": {
          "line": 26,
          "column": 4
        },
        "end": {
          "line": 26,
          "column": 138
        }
      },
      "9": {
        "start": {
          "line": 27,
          "column": 4
        },
        "end": {
          "line": 31,
          "column": 7
        }
      },
      "10": {
        "start": {
          "line": 28,
          "column": 6
        },
        "end": {
          "line": 28,
          "column": 31
        }
      },
      "11": {
        "start": {
          "line": 28,
          "column": 24
        },
        "end": {
          "line": 28,
          "column": 31
        }
      },
      "12": {
        "start": {
          "line": 29,
          "column": 32
        },
        "end": {
          "line": 29,
          "column": 187
        }
      },
      "13": {
        "start": {
          "line": 30,
          "column": 6
        },
        "end": {
          "line": 30,
          "column": 75
        }
      },
      "14": {
        "start": {
          "line": 30,
          "column": 29
        },
        "end": {
          "line": 30,
          "column": 75
        }
      },
      "15": {
        "start": {
          "line": 35,
          "column": 2
        },
        "end": {
          "line": 35,
          "column": 117
        }
      },
      "16": {
        "start": {
          "line": 38,
          "column": 2
        },
        "end": {
          "line": 38,
          "column": 62
        }
      }
    },
    "fnMap": {
      "0": {
        "name": "ChevronLeftIcon",
        "decl": {
          "start": {
            "line": 3,
            "column": 24
          },
          "end": {
            "line": 3,
            "column": 39
          }
        },
        "loc": {
          "start": {
            "line": 3,
            "column": 42
          },
          "end": {
            "line": 13,
            "column": 1
          }
        },
        "line": 3
      },
      "1": {
        "name": "(anonymous_1)",
        "decl": {
          "start": {
            "line": 25,
            "column": 52
          },
          "end": {
            "line": 25,
            "column": 53
          }
        },
        "loc": {
          "start": {
            "line": 25,
            "column": 72
          },
          "end": {
            "line": 32,
            "column": 3
          }
        },
        "line": 25
      },
      "2": {
        "name": "(anonymous_2)",
        "decl": {
          "start": {
            "line": 27,
            "column": 27
          },
          "end": {
            "line": 27,
            "column": 28
          }
        },
        "loc": {
          "start": {
            "line": 27,
            "column": 44
          },
          "end": {
            "line": 31,
            "column": 5
          }
        },
        "line": 27
      },
      "3": {
        "name": "$RefreshReg$",
        "decl": {
          "start": {
            "line": 34,
            "column": 9
          },
          "end": {
            "line": 34,
            "column": 21
          }
        },
        "loc": {
          "start": {
            "line": 34,
            "column": 32
          },
          "end": {
            "line": 36,
            "column": 1
          }
        },
        "line": 34
      },
      "4": {
        "name": "$RefreshSig$",
        "decl": {
          "start": {
            "line": 37,
            "column": 9
          },
          "end": {
            "line": 37,
            "column": 21
          }
        },
        "loc": {
          "start": {
            "line": 37,
            "column": 24
          },
          "end": {
            "line": 39,
            "column": 1
          }
        },
        "line": 37
      }
    },
    "branchMap": {
      "0": {
        "loc": {
          "start": {
            "line": 18,
            "column": 20
          },
          "end": {
            "line": 18,
            "column": 97
          }
        },
        "type": "binary-expr",
        "locations": [
          {
            "start": {
              "line": 18,
              "column": 20
            },
            "end": {
              "line": 18,
              "column": 60
            }
          },
          {
            "start": {
              "line": 18,
              "column": 64
            },
            "end": {
              "line": 18,
              "column": 97
            }
          }
        ],
        "line": 18
      },
      "1": {
        "loc": {
          "start": {
            "line": 19,
            "column": 0
          },
          "end": {
            "line": 33,
            "column": 1
          }
        },
        "type": "if",
        "locations": [
          {
            "start": {
              "line": 19,
              "column": 0
            },
            "end": {
              "line": 33,
              "column": 1
            }
          },
          {
            "start": {},
            "end": {}
          }
        ],
        "line": 19
      },
      "2": {
        "loc": {
          "start": {
            "line": 19,
            "column": 4
          },
          "end": {
            "line": 19,
            "column": 35
          }
        },
        "type": "binary-expr",
        "locations": [
          {
            "start": {
              "line": 19,
              "column": 4
            },
            "end": {
              "line": 19,
              "column": 19
            }
          },
          {
            "start": {
              "line": 19,
              "column": 23
            },
            "end": {
              "line": 19,
              "column": 35
            }
          }
        ],
        "line": 19
      },
      "3": {
        "loc": {
          "start": {
            "line": 20,
            "column": 2
          },
          "end": {
            "line": 24,
            "column": 3
          }
        },
        "type": "if",
        "locations": [
          {
            "start": {
              "line": 20,
              "column": 2
            },
            "end": {
              "line": 24,
              "column": 3
            }
          },
          {
            "start": {},
            "end": {}
          }
        ],
        "line": 20
      },
      "4": {
        "loc": {
          "start": {
            "line": 28,
            "column": 6
          },
          "end": {
            "line": 28,
            "column": 31
          }
        },
        "type": "if",
        "locations": [
          {
            "start": {
              "line": 28,
              "column": 6
            },
            "end": {
              "line": 28,
              "column": 31
            }
          },
          {
            "start": {},
            "end": {}
          }
        ],
        "line": 28
      },
      "5": {
        "loc": {
          "start": {
            "line": 30,
            "column": 6
          },
          "end": {
            "line": 30,
            "column": 75
          }
        },
        "type": "if",
        "locations": [
          {
            "start": {
              "line": 30,
              "column": 6
            },
            "end": {
              "line": 30,
              "column": 75
            }
          },
          {
            "start": {},
            "end": {}
          }
        ],
        "line": 30
      }
    },
    "s": {
      "0": 5,
      "1": 3,
      "2": 3,
      "3": 3,
      "4": 3,
      "5": 3,
      "6": 0,
      "7": 3,
      "8": 3,
      "9": 3,
      "10": 0,
      "11": 0,
      "12": 0,
      "13": 0,
      "14": 0,
      "15": 3,
      "16": 0
    },
    "f": {
      "0": 5,
      "1": 3,
      "2": 0,
      "3": 3,
      "4": 0
    },
    "b": {
      "0": [
        3,
        0
      ],
      "1": [
        3,
        0
      ],
      "2": [
        3,
        3
      ],
      "3": [
        0,
        3
      ],
      "4": [
        0,
        0
      ],
      "5": [
        0,
        0
      ]
    },
    "inputSourceMap": {
      "version": 3,
      "mappings": "AAKA;AALA,OAAOA,WAAY;AAEnB,wBAAwBC,kBAAkB;AACtC,SACI,uBAAC,SAAI,OAAM,MAAK,QAAO,MAAK,SAAQ,aAAY,MAAK,QAAO,OAAM,8BAC1E,iCAAC,UAAK,UAAS,WAAU,UAAS,WAAU,GAAE,8aAA6a,MAAK,WAAhe;AAAA;AAAA;AAAA;AAAA,SAAue,KAD/d;AAAA;AAAA;AAAA;AAAA,SAER;AAGA;AAACC,KAPuBD;AAAe,IAAAC;AAAAC,aAAAD,IAAA",
      "names": [
        "React",
        "ChevronLeftIcon",
        "_c",
        "$RefreshReg$"
      ],
      "ignoreList": [],
      "sources": [
        "C:/Projects/SmartSaver/Frontend/src/assets/icons/ChevronLeftIcon.jsx"
      ],
      "file": "C:/Projects/SmartSaver/Frontend/src/assets/icons/ChevronLeftIcon.jsx"
    },
    "_coverageSchema": "1a1c01bbd47fc00a2c39e90264f33305004495a9",
    "hash": "88afe916b570e32b17665d561a466c37d2866032"
  },
  "C:/Projects/SmartSaver/Frontend/src/assets/icons/ChevronRightIcon.jsx": {
    "path": "C:/Projects/SmartSaver/Frontend/src/assets/icons/ChevronRightIcon.jsx",
    "statementMap": {
      "0": {
        "start": {
          "line": 4,
          "column": 2
        },
        "end": {
          "line": 12,
          "column": 11
        }
      },
      "1": {
        "start": {
          "line": 14,
          "column": 0
        },
        "end": {
          "line": 14,
          "column": 22
        }
      },
      "2": {
        "start": {
          "line": 16,
          "column": 0
        },
        "end": {
          "line": 16,
          "column": 37
        }
      },
      "3": {
        "start": {
          "line": 18,
          "column": 20
        },
        "end": {
          "line": 18,
          "column": 97
        }
      },
      "4": {
        "start": {
          "line": 19,
          "column": 0
        },
        "end": {
          "line": 33,
          "column": 1
        }
      },
      "5": {
        "start": {
          "line": 20,
          "column": 2
        },
        "end": {
          "line": 24,
          "column": 3
        }
      },
      "6": {
        "start": {
          "line": 21,
          "column": 4
        },
        "end": {
          "line": 23,
          "column": 6
        }
      },
      "7": {
        "start": {
          "line": 25,
          "column": 2
        },
        "end": {
          "line": 32,
          "column": 5
        }
      },
      "8": {
        "start": {
          "line": 26,
          "column": 4
        },
        "end": {
          "line": 26,
          "column": 139
        }
      },
      "9": {
        "start": {
          "line": 27,
          "column": 4
        },
        "end": {
          "line": 31,
          "column": 7
        }
      },
      "10": {
        "start": {
          "line": 28,
          "column": 6
        },
        "end": {
          "line": 28,
          "column": 31
        }
      },
      "11": {
        "start": {
          "line": 28,
          "column": 24
        },
        "end": {
          "line": 28,
          "column": 31
        }
      },
      "12": {
        "start": {
          "line": 29,
          "column": 32
        },
        "end": {
          "line": 29,
          "column": 188
        }
      },
      "13": {
        "start": {
          "line": 30,
          "column": 6
        },
        "end": {
          "line": 30,
          "column": 75
        }
      },
      "14": {
        "start": {
          "line": 30,
          "column": 29
        },
        "end": {
          "line": 30,
          "column": 75
        }
      },
      "15": {
        "start": {
          "line": 35,
          "column": 2
        },
        "end": {
          "line": 35,
          "column": 118
        }
      },
      "16": {
        "start": {
          "line": 38,
          "column": 2
        },
        "end": {
          "line": 38,
          "column": 62
        }
      }
    },
    "fnMap": {
      "0": {
        "name": "ChevronRightIcon",
        "decl": {
          "start": {
            "line": 3,
            "column": 24
          },
          "end": {
            "line": 3,
            "column": 40
          }
        },
        "loc": {
          "start": {
            "line": 3,
            "column": 43
          },
          "end": {
            "line": 13,
            "column": 1
          }
        },
        "line": 3
      },
      "1": {
        "name": "(anonymous_1)",
        "decl": {
          "start": {
            "line": 25,
            "column": 52
          },
          "end": {
            "line": 25,
            "column": 53
          }
        },
        "loc": {
          "start": {
            "line": 25,
            "column": 72
          },
          "end": {
            "line": 32,
            "column": 3
          }
        },
        "line": 25
      },
      "2": {
        "name": "(anonymous_2)",
        "decl": {
          "start": {
            "line": 27,
            "column": 27
          },
          "end": {
            "line": 27,
            "column": 28
          }
        },
        "loc": {
          "start": {
            "line": 27,
            "column": 44
          },
          "end": {
            "line": 31,
            "column": 5
          }
        },
        "line": 27
      },
      "3": {
        "name": "$RefreshReg$",
        "decl": {
          "start": {
            "line": 34,
            "column": 9
          },
          "end": {
            "line": 34,
            "column": 21
          }
        },
        "loc": {
          "start": {
            "line": 34,
            "column": 32
          },
          "end": {
            "line": 36,
            "column": 1
          }
        },
        "line": 34
      },
      "4": {
        "name": "$RefreshSig$",
        "decl": {
          "start": {
            "line": 37,
            "column": 9
          },
          "end": {
            "line": 37,
            "column": 21
          }
        },
        "loc": {
          "start": {
            "line": 37,
            "column": 24
          },
          "end": {
            "line": 39,
            "column": 1
          }
        },
        "line": 37
      }
    },
    "branchMap": {
      "0": {
        "loc": {
          "start": {
            "line": 18,
            "column": 20
          },
          "end": {
            "line": 18,
            "column": 97
          }
        },
        "type": "binary-expr",
        "locations": [
          {
            "start": {
              "line": 18,
              "column": 20
            },
            "end": {
              "line": 18,
              "column": 60
            }
          },
          {
            "start": {
              "line": 18,
              "column": 64
            },
            "end": {
              "line": 18,
              "column": 97
            }
          }
        ],
        "line": 18
      },
      "1": {
        "loc": {
          "start": {
            "line": 19,
            "column": 0
          },
          "end": {
            "line": 33,
            "column": 1
          }
        },
        "type": "if",
        "locations": [
          {
            "start": {
              "line": 19,
              "column": 0
            },
            "end": {
              "line": 33,
              "column": 1
            }
          },
          {
            "start": {},
            "end": {}
          }
        ],
        "line": 19
      },
      "2": {
        "loc": {
          "start": {
            "line": 19,
            "column": 4
          },
          "end": {
            "line": 19,
            "column": 35
          }
        },
        "type": "binary-expr",
        "locations": [
          {
            "start": {
              "line": 19,
              "column": 4
            },
            "end": {
              "line": 19,
              "column": 19
            }
          },
          {
            "start": {
              "line": 19,
              "column": 23
            },
            "end": {
[...]
            "start": {},
            "end": {}
          }
        ],
        "line": 40
      },
      "3": {
        "loc": {
          "start": {
            "line": 51,
            "column": 22
          },
          "end": {
            "line": 51,
            "column": 52
          }
        },
        "type": "binary-expr",
        "locations": [
          {
            "start": {
              "line": 51,
              "column": 22
            },
            "end": {
              "line": 51,
              "column": 47
            }
          },
          {
            "start": {
              "line": 51,
              "column": 51
            },
            "end": {
              "line": 51,
              "column": 52
            }
          }
        ],
        "line": 51
      },
      "4": {
        "loc": {
          "start": {
            "line": 52,
            "column": 23
          },
          "end": {
            "line": 52,
            "column": 54
          }
        },
        "type": "binary-expr",
        "locations": [
          {
            "start": {
              "line": 52,
              "column": 23
            },
            "end": {
              "line": 52,
              "column": 49
            }
          },
          {
            "start": {
              "line": 52,
              "column": 53
            },
            "end": {
              "line": 52,
              "column": 54
            }
          }
        ],
        "line": 52
      },
      "5": {
        "loc": {
          "start": {
            "line": 53,
            "column": 18
          },
          "end": {
            "line": 53,
            "column": 47
          }
        },
        "type": "binary-expr",
        "locations": [
          {
            "start": {
              "line": 53,
              "column": 18
            },
            "end": {
              "line": 53,
              "column": 42
            }
          },
          {
            "start": {
              "line": 53,
              "column": 46
            },
            "end": {
              "line": 53,
              "column": 47
            }
          }
        ],
        "line": 53
      },
      "6": {
        "loc": {
          "start": {
            "line": 54,
            "column": 24
          },
          "end": {
            "line": 54,
            "column": 56
          }
        },
        "type": "binary-expr",
        "locations": [
          {
            "start": {
              "line": 54,
              "column": 24
            },
            "end": {
              "line": 54,
              "column": 51
            }
          },
          {
            "start": {
              "line": 54,
              "column": 55
            },
            "end": {
              "line": 54,
              "column": 56
            }
          }
        ],
        "line": 54
      },
      "7": {
        "loc": {
          "start": {
            "line": 54,
            "column": 60
          },
          "end": {
            "line": 54,
            "column": 88
          }
        },
        "type": "binary-expr",
        "locations": [
          {
            "start": {
              "line": 54,
              "column": 60
            },
            "end": {
              "line": 54,
              "column": 83
            }
          },
          {
            "start": {
              "line": 54,
              "column": 87
            },
            "end": {
              "line": 54,
              "column": 88
            }
          }
        ],
        "line": 54
      },
      "8": {
        "loc": {
          "start": {
            "line": 67,
            "column": 22
          },
          "end": {
            "line": 67,
            "column": 52
          }
        },
        "type": "cond-expr",
        "locations": [
          {
            "start": {
              "line": 67,
              "column": 36
            },
            "end": {
              "line": 67,
              "column": 47
            }
          },
          {
            "start": {
              "line": 67,
              "column": 50
            },
            "end": {
              "line": 67,
              "column": 52
            }
          }
        ],
        "line": 67
      },
      "9": {
        "loc": {
          "start": {
            "line": 86,
            "column": 22
          },
          "end": {
            "line": 86,
            "column": 53
          }
        },
        "type": "cond-expr",
        "locations": [
          {
            "start": {
              "line": 86,
              "column": 37
            },
            "end": {
              "line": 86,
              "column": 48
            }
          },
          {
            "start": {
              "line": 86,
              "column": 51
            },
            "end": {
              "line": 86,
              "column": 53
            }
          }
        ],
        "line": 86
      },
      "10": {
        "loc": {
          "start": {
            "line": 176,
            "column": 57
          },
          "end": {
            "line": 176,
            "column": 95
          }
        },
        "type": "binary-expr",
        "locations": [
          {
            "start": {
              "line": 176,
              "column": 57
            },
            "end": {
              "line": 176,
              "column": 89
            }
          },
          {
            "start": {
              "line": 176,
              "column": 93
            },
            "end": {
              "line": 176,
              "column": 95
            }
          }
        ],
        "line": 176
      },
      "11": {
        "loc": {
          "start": {
            "line": 190,
            "column": 16
          },
          "end": {
            "line": 190,
            "column": 44
          }
        },
        "type": "binary-expr",
        "locations": [
          {
            "start": {
              "line": 190,
              "column": 16
            },
            "end": {
              "line": 190,
              "column": 38
            }
          },
          {
            "start": {
              "line": 190,
              "column": 42
            },
            "end": {
              "line": 190,
              "column": 44
            }
          }
        ],
        "line": 190
      },
      "12": {
        "loc": {
          "start": {
            "line": 191,
            "column": 28
          },
          "end": {
            "line": 191,
            "column": 170
          }
        },
        "type": "binary-expr",
        "locations": [
          {
            "start": {
              "line": 191,
              "column": 28
            },
            "end": {
              "line": 191,
              "column": 165
            }
          },
          {
            "start": {
              "line": 191,
              "column": 169
            },
            "end": {
              "line": 191,
              "column": 170
            }
          }
        ],
        "line": 191
      },
      "13": {
        "loc": {
          "start": {
            "line": 191,
            "column": 51
          },
          "end": {
            "line": 191,
            "column": 96
          }
        },
        "type": "binary-expr",
        "locations": [
          {
            "start": {
              "line": 191,
              "column": 51
            },
            "end": {
              "line": 191,
              "column": 91
            }
          },
          {
            "start": {
              "line": 191,
              "column": 95
            },
            "end": {
              "line": 191,
              "column": 96
            }
          }
        ],
        "line": 191
      },
      "14": {
        "loc": {
          "start": {
            "line": 191,
            "column": 102
          },
          "end": {
            "line": 191,
            "column": 147
          }
        },
        "type": "binary-expr",
        "locations": [
          {
            "start": {
              "line": 191,
              "column": 102
            },
            "end": {
              "line": 191,
              "column": 142
            }
          },
          {
            "start": {
              "line": 191,
              "column": 146
            },
            "end": {
              "line": 191,
              "column": 147
            }
          }
        ],
        "line": 191
      },
      "15": {
        "loc": {
          "start": {
            "line": 192,
            "column": 16
          },
          "end": {
            "line": 192,
            "column": 48
          }
        },
        "type": "binary-expr",
        "locations": [
          {
            "start": {
              "line": 192,
              "column": 16
            },
            "end": {
              "line": 192,
              "column": 42
            }
          },
          {
            "start": {
              "line": 192,
              "column": 46
            },
            "end": {
              "line": 192,
              "column": 48
            }
          }
        ],
        "line": 192
      },
      "16": {
        "loc": {
          "start": {
            "line": 229,
            "column": 20
          },
          "end": {
            "line": 229,
            "column": 97
          }
        },
        "type": "binary-expr",
        "locations": [
          {
            "start": {
              "line": 229,
              "column": 20
            },
            "end": {
              "line": 229,
              "column": 60
            }
          },
          {
            "start": {
              "line": 229,
              "column": 64
            },
            "end": {
              "line": 229,
              "column": 97
            }
          }
        ],
        "line": 229
      },
      "17": {
        "loc": {
          "start": {
            "line": 230,
            "column": 0
          },
          "end": {
            "line": 244,
            "column": 1
          }
        },
        "type": "if",
        "locations": [
          {
            "start": {
              "line": 230,
              "column": 0
            },
            "end": {
              "line": 244,
              "column": 1
            }
          },
          {
            "start": {},
            "end": {}
          }
        ],
        "line": 230
      },
      "18": {
        "loc": {
          "start": {
            "line": 230,
            "column": 4
          },
          "end": {
            "line": 230,
            "column": 35
          }
        },
        "type": "binary-expr",
        "locations": [
          {
            "start": {
              "line": 230,
              "column": 4
            },
            "end": {
              "line": 230,
              "column": 19
            }
          },
          {
            "start": {
              "line": 230,
              "column": 23
            },
            "end": {
              "line": 230,
              "column": 35
            }
          }
        ],
        "line": 230
      },
      "19": {
        "loc": {
          "start": {
            "line": 231,
            "column": 2
          },
          "end": {
            "line": 235,
            "column": 3
          }
        },
        "type": "if",
        "locations": [
          {
            "start": {
              "line": 231,
              "column": 2
            },
            "end": {
              "line": 235,
              "column": 3
            }
          },
          {
            "start": {},
            "end": {}
          }
        ],
        "line": 231
      },
      "20": {
        "loc": {
          "start": {
            "line": 239,
            "column": 6
          },
          "end": {
            "line": 239,
            "column": 31
          }
        },
        "type": "if",
        "locations": [
          {
            "start": {
              "line": 239,
              "column": 6
            },
            "end": {
              "line": 239,
              "column": 31
            }
          },
          {
            "start": {},
            "end": {}
          }
        ],
        "line": 239
      },
      "21": {
        "loc": {
          "start": {
            "line": 241,
            "column": 6
          },
          "end": {
            "line": 241,
            "column": 75
          }
        },
        "type": "if",
        "locations": [
          {
            "start": {
              "line": 241,
              "column": 6
            },
            "end": {
              "line": 241,
              "column": 75
            }
          },
          {
            "start": {},
            "end": {}
          }
        ],
        "line": 241
      }
    },
    "s": {
      "0": 3,
      "1": 10,
      "2": 10,
      "3": 10,
      "4": 10,
      "5": 10,
      "6": 10,
      "7": 10,
      "8": 5,
      "9": 5,
      "10": 5,
      "11": 5,
      "12": 0,
      "13": 5,
      "14": 5,
      "15": 0,
      "16": 0,
      "17": 5,
      "18": 10,
      "19": 5,
      "20": 10,
      "21": 5,
      "22": 5,
      "23": 5,
      "24": 5,
      "25": 5,
      "26": 5,
      "27": 0,
      "28": 3,
      "29": 3,
      "30": 3,
      "31": 3,
      "32": 3,
      "33": 3,
      "34": 3,
      "35": 0,
      "36": 3,
      "37": 3,
      "38": 3,
      "39": 0,
      "40": 0,
      "41": 0,
      "42": 0,
      "43": 0,
      "44": 3,
      "45": 3
    },
    "f": {
      "0": 10,
      "1": 5,
      "2": 5,
      "3": 0,
      "4": 3,
      "5": 3,
      "6": 0,
      "7": 3,
      "8": 3
    },
    "b": {
      "0": [
        0
      ],
      "1": [
        0,
        5
      ],
      "2": [
        5,
        5
      ],
      "3": [
        5,
        0
      ],
      "4": [
        5,
        0
      ],
      "5": [
        5,
        0
      ],
      "6": [
        5,
        0
      ],
      "7": [
        5,
        0
      ],
      "8": [
        5,
        0
      ],
      "9": [
        5,
        0
      ],
      "10": [
        5,
        0
      ],
      "11": [
        5,
        0
      ],
      "12": [
        5,
        0
      ],
      "13": [
        5,
        0
      ],
      "14": [
        5,
        0
      ],
      "15": [
        5,
        0
      ],
      "16": [
        3,
        0
      ],
      "17": [
        3,
        0
      ],
      "18": [
        3,
        3
      ],
      "19": [
        0,
        3
      ],
      "20": [
        0,
        0
      ],
      "21": [
        0,
        0
      ]
    },
    "inputSourceMap": {
      "version": 3,
      "mappings": "AA2C+C;;AA3C/C,OAAOA,SAASC,WAAWC,gBAAgB;AAC3C,OAAOC,UAAU;AACjB,OAAOC,sBAAsB;AAC7B,OAAOC,kBAAkB;AACzB,OAAOC,cAAc;AACrB,OAAOC,YAAY;AACnB,OAAOC,iBAAiB;AACxB,OAAOC,6BAA6B;AACpC,OAAOC,cAAc;AACrB,OAAOC,yBAAyB;AAChC,OAAOC,kBAAkB;AACzB,SAASC,eAAe;AAExB,wBAAwBC,OAAO;AAAAC,KAAA;AAC7BH,eAAa,SAAS;AACtB,QAAM,EAAEI,UAAU,IAAIH,QAAQ;AAE9B,QAAM,CAACI,WAAWC,YAAY,IAAIhB,SAAS,IAAI;AAC/C,QAAM,CAACiB,SAASC,UAAU,IAAIlB,SAAS,IAAI;AAE3C,QAAMmB,MAAM,oBAAIC,KAAK;AACrB,QAAM,CAACC,WAAWC,YAAY,IAAItB,SAAS,EAAEuB,OAAOJ,IAAIK,SAAS,IAAI,GAAGC,MAAMN,IAAIO,YAAY,EAAE,CAAC;AAEjG,iBAAeC,cAAc,EAAEJ,OAAOE,KAAK,IAAIJ,WAAW;AACxD,QAAI;AACFH,iBAAW,IAAI;AACf,YAAMU,MAAM,MAAMd,UAAU,6CAA6CS,KAAK,SAASE,IAAI,EAAE;AAC7F,UAAI,CAACG,IAAIC,GAAI,OAAM,IAAIC,MAAM,0BAA0B;AACvD,YAAMC,OAAO,MAAMH,IAAII,KAAK;AAC5BhB,mBAAae,IAAI;AAAA,IACnB,SAASE,KAAK;AACZC,cAAQC,MAAM,wBAAwBF,GAAG;AACzCjB,mBAAa,IAAI;AAAA,IACnB,UAAC;AACCE,iBAAW,KAAK;AAAA,IAClB;AAAA,EACF;AAEAnB,YAAU,MAAM;AACd4B,kBAAcN,SAAS;AAAA,EACzB,GAAG,CAACA,SAAS,CAAC;AAEd,MAAIJ,SAAS;AACX,WAAO,uBAAC,SAAI,WAAWZ,OAAO+B,aAAa,iCAAC,OAAE,+BAAH;AAAA;AAAA;AAAA;AAAA,WAAkB,KAAtD;AAAA;AAAA;AAAA;AAAA,WAA0D;AAAA,EACnE;AAEA,QAAMC,cAActB,WAAWuB,kBAAkB;AACjD,QAAMC,eAAexB,WAAWyB,mBAAmB;AACnD,QAAMC,UAAU1B,WAAW2B,iBAAiB;AAC5C,QAAMC,aAAa,GAAG5B,WAAW6B,OAAOC,aAAa,CAAC,IAAI9B,WAAW6B,OAAOE,SAAS,CAAC;AAEtF,SACE,uBAAC,SAAI,WAAWzC,OAAO+B,aACrB,iCAAC,SAAI,WAAW/B,OAAO0C,gBACrB;AAAA,2BAAC,QAAG,WAAW1C,OAAO2C,WAAW,2CAAjC;AAAA;AAAA;AAAA;AAAA,WAA4D;AAAA,IAE5D,uBAAC,SAAI,WAAW3C,OAAO4C,cACrB;AAAA;AAAA,QAAC;AAAA;AAAA,UACC,OAAM;AAAA,UACN,OAAO,GAAGZ,WAAW;AAAA,UACrB,YAAYA,cAAc,cAAc;AAAA,UACxC,MAAM/B;AAAAA,UACN,SAAQ;AAAA,UACR,aAAY;AAAA;AAAA,QANd;AAAA;AAAA;AAAA;AAAA;AAAA;AAAA;AAAA;AAAA,MAMqB;AAAA,MAGrB;AAAA,QAAC;AAAA;AAAA,UACC,OAAM;AAAA,UACN,OAAO,GAAGiC,YAAY;AAAA,UACtB,YAAYA,eAAe,cAAc;AAAA,UACzC,MAAM/B;AAAAA,UACN,SAAQ;AAAA,UACR,aAAY;AAAA;AAAA,QANd;AAAA;AAAA;AAAA;AAAA;AAAA;AAAA;AAAA;AAAA,MAMmB;AAAA,MAGnB;AAAA,QAAC;AAAA;AAAA,UACC,OAAM;AAAA,UACN,OAAO,GAAGiC,OAAO;AAAA,UACjB,YAAW;AAAA,UACX,MAAMlC;AAAAA,UACN,SAAQ;AAAA,UACR,aAAY;AAAA;AAAA,QANd;AAAA;AAAA;AAAA;AAAA;AAAA;AAAA;AAAA;AAAA,MAMuB;AAAA,MAGvB;AAAA,QAAC;AAAA;AAAA,UACC,OAAM;AAAA,UACN,OAAOoC;AAAAA,UACP,YAAW;AAAA,UACX,MAAMlC;AAAAA,UACN,SAAQ;AAAA,UACR,aAAY;AAAA;AAAA,QANd;AAAA;AAAA;AAAA;AAAA;AAAA;AAAA;AAAA;AAAA,MAMqB;AAAA,SAlCvB;AAAA;AAAA;AAAA;AAAA,WAoCA;AAAA,IAEA,uBAAC,SAAI,WAAWJ,OAAO6C,eACrB;AAAA,6BAAC,SAAI,WAAW7C,OAAO8C,UACrB;AAAA,+BAAC,SAAI,WAAW9C,OAAO+C,aACrB;AAAA;AAAA,YAAC;AAAA;AAAA,cACC,OAAO/B,UAAUE;AAAAA,cACjB,MAAMF,UAAUI;AAAAA,cAChB,UAAU,CAAC,EAAEF,OAAOE,KAAK,MAAMH,aAAa,EAAEC,OAAOE,KAAK,CAAC;AAAA;AAAA,YAH7D;AAAA;AAAA;AAAA;AAAA;AAAA;AAAA;AAAA;AAAA,UAG+D;AAAA,UAE/D,uBAAC,OAAE,WAAWpB,OAAOgD,WAAW;AAAA;AAAA,YAAmBd;AAAAA,YAAa;AAAA,eAAhE;AAAA;AAAA;AAAA;AAAA,iBAAiE;AAAA,aANnE;AAAA;AAAA;AAAA;AAAA,eAOA;AAAA,QACA,uBAAC,oBAAiB,MAAMxB,WAAWuC,yBAAyB,MAA5D;AAAA;AAAA;AAAA;AAAA,eAA+D;AAAA,WATjE;AAAA;AAAA;AAAA;AAAA,aAUA;AAAA,MAEA,uBAAC,SAAI,WAAWjD,OAAO8C,UACrB;AAAA,QAAC;AAAA;AAAA,UACC,gBAAgBV;AAAAA,UAChB,MAAM1B,WAAWwC,QAAQC,OAAO;AAAA,UAChC,kBAAkBC,KAAKC,OAAQjB,WAAW1B,WAAW4C,kBAAkB,CAAC,GAAGC,WAAW,OAAO7C,WAAW4C,kBAAkB,CAAC,GAAGC,WAAW,KAAM,MAAM,EAAE,IAAI,MAAM;AAAA,UACjK,MAAM7C,WAAW4C,mBAAmB;AAAA;AAAA,QAJtC;AAAA;AAAA;AAAA;AAAA;AAAA;AAAA;AAAA;AAAA,MAIyC,KAL3C;AAAA;AAAA;AAAA;AAAA,aAOA;AAAA,SApBF;AAAA;AAAA;AAAA;AAAA,WAqBA;AAAA,OA9DF;AAAA;AAAA;AAAA;AAAA,SA+DA,KAhEF;AAAA;AAAA;AAAA;AAAA,SAiEA;AAEJ;AAAC9C,GA1GuBD,MAAI;AAAA,UAC1BF,cACsBC,OAAO;AAAA;AAAAkD,KAFPjD;AAAI,IAAAiD;AAAAC,aAAAD,IAAA",
      "names": [
        "React",
        "useEffect",
        "useState",
        "Card",
        "SpendingPieChart",
        "BalanceChart",
        "MonthNav",
        "styles",
        "PaymentIcon",
        "FinancialInstituionIcon",
        "CardIcon",
        "InformationSignIcon",
        "usePageTitle",
        "useAuth",
        "Home",
        "_s",
        "authFetch",
        "dashboard",
        "setDashboard",
        "loading",
        "setLoading",
        "now",
        "Date",
        "monthYear",
        "setMonthYear",
        "month",
        "getMonth",
        "year",
        "getFullYear",
        "loadDashboard",
        "res",
        "ok",
        "Error",
        "data",
        "json",
        "err",
        "console",
        "error",
        "mainContent",
        "totalIncome",
        "monthly_income",
        "totalExpense",
        "monthly_expense",
        "savings",
        "total_balance",
        "goalsValue",
        "goals",
        "completed",
        "total",
        "contentWrapper",
        "pageTitle",
        "cardsSection",
        "chartsSection",
        "chartBox",
        "chartHeader",
        "Spendings",
        "spendings_by_category",
        "period",
        "end",
        "Math",
        "round",
        "balance_history",
        "balance",
        "_c",
        "$RefreshReg$"
      ],
      "ignoreList": [],
      "sources": [
        "C:/Projects/SmartSaver/Frontend/src/pages/Home/Home.jsx"
      ],
      "file": "C:/Projects/SmartSaver/Frontend/src/pages/Home/Home.jsx"
    },
    "_coverageSchema": "1a1c01bbd47fc00a2c39e90264f33305004495a9",
    "hash": "c9e412ae73a9a3d82050a86913ffe6b07eb7c56d"
  }
}